Info: Series:GW1N-9C Device:GW1NR-9C Package:QFN88P Speed:C6/I5
Info: Cell pos_error[2] not found
Info: Cell pos_error[2] not found
Info: Cell switches[0] not found
Info: Cell switches[0] not found
Info: Cell switches[1] not found
Info: Cell switches[1] not found
Info: Cell switches[2] not found
Info: Cell switches[2] not found
Info: Cell switches[3] not found
Info: Cell switches[3] not found
Info: Cell pos_error[0] not found
Info: Cell pos_error[0] not found
Info: Cell pos_error[1] not found
Info: Cell pos_error[1] not found
Info: Cell display_entrada[0] not found
Info: Cell display_entrada[0] not found
Info: Cell display_entrada[1] not found
Info: Cell display_entrada[1] not found
Info: Cell display_entrada[2] not found
Info: Cell display_entrada[2] not found
Info: Cell display_entrada[3] not found
Info: Cell display_entrada[3] not found
Info: Cell display_entrada[4] not found
Info: Cell display_entrada[4] not found
Info: Cell display_entrada[5] not found
Info: Cell display_entrada[5] not found
Info: Cell display_entrada[6] not found
Info: Cell display_entrada[6] not found
Info: Cell salida_hamming_puro[0] not found
Info: Cell salida_hamming_puro[0] not found
Info: Cell salida_hamming_puro[1] not found
Info: Cell salida_hamming_puro[1] not found
Info: Cell salida_hamming_puro[2] not found
Info: Cell salida_hamming_puro[2] not found
Info: Cell salida_hamming_puro[3] not found
Info: Cell salida_hamming_puro[3] not found
Info: Cell salida_hamming_puro[4] not found
Info: Cell salida_hamming_puro[4] not found
Info: Cell salida_hamming_puro[5] not found
Info: Cell salida_hamming_puro[5] not found
Info: Cell salida_hamming_puro[6] not found
Info: Cell salida_hamming_puro[6] not found
Info: Cell salida_con_error[0] not found
Info: Cell salida_con_error[0] not found
Info: Cell salida_con_error[1] not found
Info: Cell salida_con_error[1] not found
Info: Cell salida_con_error[2] not found
Info: Cell salida_con_error[2] not found
Info: Cell salida_con_error[3] not found
Info: Cell salida_con_error[3] not found
Info: Cell salida_con_error[4] not found
Info: Cell salida_con_error[4] not found
Info: Cell salida_con_error[5] not found
Info: Cell salida_con_error[5] not found
Info: Cell salida_con_error[6] not found
Info: Cell salida_con_error[6] not found

Info: Packing constants..
Info: Packing Shadow RAM..
Info: Packing GSR..
Info: Packing IOs..
Info: Packing diff IOs..
Info: Packing IO logic..
Info: Packing wide LUTs..
Info: Packing LUT5s..
Info: Packing LUT6s..
Info: Packing LUT7s..
Info: Packing LUT8s..
Info: Packing ALUs..
Info: Packing LUT-FFs..
Info: Packing non-LUT FFs..
Info: Packing PLLs..
Info: Checksum: 0xd1a94985

Info: Annotating ports with timing budgets for target frequency 27.00 MHz
Info: Checksum: 0xd1a94985

Info: Device utilisation:
Info: 	                 VCC:     1/    1   100%
Info: 	               SLICE:   144/ 8640     1%
Info: 	                 IOB:    19/  274     6%
Info: 	                ODDR:     0/  274     0%
Info: 	           MUX2_LUT5:    72/ 4320     1%
Info: 	           MUX2_LUT6:    36/ 2160     1%
Info: 	           MUX2_LUT7:    18/ 1080     1%
Info: 	           MUX2_LUT8:     7/ 1056     0%
Info: 	                 GND:     1/    1   100%
Info: 	                RAMW:     0/  270     0%
Info: 	                 GSR:     1/    1   100%
Info: 	                 OSC:     0/    1     0%
Info: 	                rPLL:     0/    2     0%

Info: Placed 0 cells based on constraints.
Info: Creating initial analytic placement for 13 cells, random placement wirelen = 891.
Info:     at initial placer iter 0, wirelen = 574
Info:     at initial placer iter 1, wirelen = 528
Info:     at initial placer iter 2, wirelen = 516
Info:     at initial placer iter 3, wirelen = 504
Info: Running main analytical placer, max placement attempts per cell = 11175.
Info:     at iteration #1, type MUX2_LUT7: wirelen solved = 505, spread = 505, legal = 504; time = 0.00s
Info:     at iteration #1, type MUX2_LUT8: wirelen solved = 510, spread = 518, legal = 512; time = 0.01s
Info:     at iteration #1, type VCC: wirelen solved = 512, spread = 512, legal = 512; time = 0.00s
Info:     at iteration #1, type GSR: wirelen solved = 512, spread = 512, legal = 512; time = 0.00s
Info:     at iteration #1, type ALL: wirelen solved = 500, spread = 508, legal = 506; time = 0.00s
Info: HeAP Placer Time: 0.03s
Info:   of which solving equations: 0.02s
Info:   of which spreading cells: 0.00s
Info:   of which strict legalisation: 0.00s

Info: Running simulated annealing placer for refinement.
Info:   at iteration #1: temp = 0.000000, timing cost = 0, wirelen = 506
Info:   at iteration #3: temp = 0.000000, timing cost = 0, wirelen = 485 
Info: SA placement time 0.03s

Info: Max delay <async> -> <async>: 26.49 ns

Info: Slack histogram:
Info:  legend: * represents 2 endpoint(s)
Info:          + represents [1,2) endpoint(s)
Info: [ 10544,  11829) |* 
Info: [ 11829,  13114) |*+
Info: [ 13114,  14399) |+
Info: [ 14399,  15684) |***** 
Info: [ 15684,  16969) |********+
Info: [ 16969,  18254) |**************** 
Info: [ 18254,  19539) |**************************************** 
Info: [ 19539,  20824) |*******************+
Info: [ 20824,  22109) |************+
Info: [ 22109,  23394) |******* 
Info: [ 23394,  24679) |**** 
Info: [ 24679,  25964) |**** 
Info: [ 25964,  27249) |************ 
Info: [ 27249,  28534) |**************** 
Info: [ 28534,  29819) |**************** 
Info: [ 29819,  31104) |**** 
Info: [ 31104,  32389) |**** 
Info: [ 32389,  33674) |************************************ 
Info: [ 33674,  34959) |************************************************************ 
Info: [ 34959,  36244) |**************** 
Info: Checksum: 0x3d677116
Info: Find global nets...
Info: Routing globals...

Info: Routing..
Info: Setting up routing queue.
Info: Routing 967 arcs.
Info:            |   (re-)routed arcs  |   delta    | remaining|       time spent     |
Info:    IterCnt |  w/ripup   wo/ripup |  w/r  wo/r |      arcs| batch(sec) total(sec)|
Info:       1000 |       76        923 |   76   923 |       139|       0.57       0.57|
Info:       1208 |      105       1103 |   29   180 |         0|       0.13       0.70|
Info: Routing complete.
Info: Router1 time 0.70s
Info: Checksum: 0x91b61662

Info: Critical path report for cross-domain path '<async>' -> '<async>':
Info: curr total
Info:  0.0  0.0  Source u_corrector.i_pi_IBUF_O_2$iob.O
Info: 12.0 12.0    Net u_corrector.i_pi[4] budget 37.037037 ns (46,12) -> (5,6)
Info:                Sink u_display.seg_po_MUX2_LUT8_O_5_I0_MUX2_LUT7_O_I1_MUX2_LUT6_O_I0_MUX2_LUT5_O_I1_LUT4_F_LC.B
Info:                Defined in:
Info:                  ../design/receptor_top.sv:12.27-15.6
Info:                  ../design/decodificador_paridad.sv:2.24-2.28
Info:  1.1 13.1  Source u_display.seg_po_MUX2_LUT8_O_5_I0_MUX2_LUT7_O_I1_MUX2_LUT6_O_I0_MUX2_LUT5_O_I1_LUT4_F_LC.F
Info:  0.3 13.4    Net u_display.seg_po_MUX2_LUT8_O_5_I0_MUX2_LUT7_O_I1_MUX2_LUT6_O_I0_MUX2_LUT5_O_I1 budget 5.694839 ns (5,6) -> (5,6)
Info:                Sink u_display.seg_po_MUX2_LUT8_O_5_I0_MUX2_LUT7_O_I1_MUX2_LUT6_O_I0_MUX2_LUT5_O_LC.I1
Info:                Defined in:
Info:                  C:\Users\BRANDO~2\DOWNLO~1\OSS-CA~1\bin\../share/yosys/gowin/cells_map.v:170.42-170.67
Info:                  C:\Users\BRANDO~2\DOWNLO~1\OSS-CA~1\bin\../share/yosys/gowin/cells_map.v:165.42-165.67
Info:                  C:\Users\BRANDO~2\DOWNLO~1\OSS-CA~1\bin\../share/yosys/gowin/cells_map.v:158.41-158.66
Info:                  C:\Users\BRANDO~2\DOWNLO~1\OSS-CA~1\bin\../share/yosys/gowin/cells_map.v:151.13-151.15
Info:  0.2 13.6  Source u_display.seg_po_MUX2_LUT8_O_5_I0_MUX2_LUT7_O_I1_MUX2_LUT6_O_I0_MUX2_LUT5_O_LC.OF
Info:  0.3 13.9    Net u_display.seg_po_MUX2_LUT8_O_5_I0_MUX2_LUT7_O_I1_MUX2_LUT6_O_I0 budget 5.694839 ns (5,6) -> (5,6)
Info:                Sink u_display.seg_po_MUX2_LUT8_O_5_I0_MUX2_LUT7_O_I1_MUX2_LUT6_O_LC.I0
Info:                Defined in:
Info:                  C:\Users\BRANDO~2\DOWNLO~1\OSS-CA~1\bin\../share/yosys/gowin/cells_map.v:170.42-170.67
Info:                  C:\Users\BRANDO~2\DOWNLO~1\OSS-CA~1\bin\../share/yosys/gowin/cells_map.v:165.42-165.67
Info:                  C:\Users\BRANDO~2\DOWNLO~1\OSS-CA~1\bin\../share/yosys/gowin/cells_map.v:157.9-157.11
Info:  0.4 14.3  Source u_display.seg_po_MUX2_LUT8_O_5_I0_MUX2_LUT7_O_I1_MUX2_LUT6_O_LC.OF
Info:  0.3 14.6    Net u_display.seg_po_MUX2_LUT8_O_5_I0_MUX2_LUT7_O_I1 budget 5.694839 ns (5,6) -> (5,6)
Info:                Sink u_display.seg_po_MUX2_LUT8_O_5_I0_MUX2_LUT7_O_LC.I1
Info:                Defined in:
Info:                  C:\Users\BRANDO~2\DOWNLO~1\OSS-CA~1\bin\../share/yosys/gowin/cells_map.v:170.42-170.67
Info:                  C:\Users\BRANDO~2\DOWNLO~1\OSS-CA~1\bin\../share/yosys/gowin/cells_map.v:163.13-163.15
Info:  0.5 15.1  Source u_display.seg_po_MUX2_LUT8_O_5_I0_MUX2_LUT7_O_LC.OF
Info:  0.4 15.6    Net u_display.seg_po_MUX2_LUT8_O_5_I0 budget 5.694839 ns (5,6) -> (4,6)
Info:                Sink u_display.seg_po_MUX2_LUT8_O_5_LC.I0
Info:                Defined in:
Info:                  C:\Users\BRANDO~2\DOWNLO~1\OSS-CA~1\bin\../share/yosys/gowin/cells_map.v:169.9-169.11
Info:  0.7 16.3  Source u_display.seg_po_MUX2_LUT8_O_5_LC.OF
Info:  1.3 17.5    Net u_display.seg_po[1] budget 5.694839 ns (4,6) -> (0,6)
Info:                Sink seg_po_OBUF_O_5$iob.I
Info:                Defined in:
Info:                  ../design/receptor_top.sv:31.17-34.6
Info:                  ../design/bin_to_7seg.sv:3.24-3.30
Info: 2.9 ns logic, 14.7 ns routing

Info: Max delay <async> -> <async>: 17.55 ns

Info: Slack histogram:
Info:  legend: * represents 1 endpoint(s)
Info:          + represents [1,1) endpoint(s)
Info: [ 19490,  20347) |*+
Info: [ 20347,  21204) |*+
Info: [ 21204,  22061) |+
Info: [ 22061,  22918) |*+
Info: [ 22918,  23775) |*+
Info: [ 23775,  24632) |****+
Info: [ 24632,  25489) |******************+
Info: [ 25489,  26346) |************************************+
Info: [ 26346,  27203) |************************+
Info: [ 27203,  28060) |************+
Info: [ 28060,  28917) |***********+
Info: [ 28917,  29774) |***********+
Info: [ 29774,  30631) |***+
Info: [ 30631,  31488) |***************************+
Info: [ 31488,  32345) |****************+
Info: [ 32345,  33202) |**+
Info: [ 33202,  34059) |*******+
Info: [ 34059,  34916) |************************************************************ 
Info: [ 34916,  35773) |***********************************************+
Info: [ 35773,  36630) |**********+

Info: Program finished normally.
