
 /----------------------------------------------------------------------------\
 |                                                                            |
 |  yosys -- Yosys Open SYnthesis Suite                                       |
 |                                                                            |
 |  Copyright (C) 2012 - 2020  Claire Xenia Wolf <claire@yosyshq.com>         |
 |                                                                            |
 |  Permission to use, copy, modify, and/or distribute this software for any  |
 |  purpose with or without fee is hereby granted, provided that the above    |
 |  copyright notice and this permission notice appear in all copies.         |
 |                                                                            |
 |  THE SOFTWARE IS PROVIDED "AS IS" AND THE AUTHOR DISCLAIMS ALL WARRANTIES  |
 |  WITH REGARD TO THIS SOFTWARE INCLUDING ALL IMPLIED WARRANTIES OF          |
 |  MERCHANTABILITY AND FITNESS. IN NO EVENT SHALL THE AUTHOR BE LIABLE FOR   |
 |  ANY SPECIAL, DIRECT, INDIRECT, OR CONSEQUENTIAL DAMAGES OR ANY DAMAGES    |
 |  WHATSOEVER RESULTING FROM LOSS OF USE, DATA OR PROFITS, WHETHER IN AN     |
 |  ACTION OF CONTRACT, NEGLIGENCE OR OTHER TORTIOUS ACTION, ARISING OUT OF   |
 |  OR IN CONNECTION WITH THE USE OR PERFORMANCE OF THIS SOFTWARE.            |
 |                                                                            |
 \----------------------------------------------------------------------------/

 Yosys 0.26+1 (git sha1 b1a011138, x86_64-w64-mingw32-g++ 9.2.1 -Os)


-- Running command `read_verilog -sv ../design/bin_to_7seg.sv ../design/corrector_error.sv ../design/decodificador_paridad.sv ../design/receptor_top.sv ../design/selector.sv; synth_gowin -top receptor_top -json decodificador.json' --

1. Executing Verilog-2005 frontend: ../design/bin_to_7seg.sv
Parsing SystemVerilog input from `../design/bin_to_7seg.sv' to AST representation.
Generating RTLIL representation for module `\bin_to_7seg'.
Successfully finished Verilog frontend.

2. Executing Verilog-2005 frontend: ../design/corrector_error.sv
Parsing SystemVerilog input from `../design/corrector_error.sv' to AST representation.
Generating RTLIL representation for module `\corrector_error'.
Successfully finished Verilog frontend.

3. Executing Verilog-2005 frontend: ../design/decodificador_paridad.sv
Parsing SystemVerilog input from `../design/decodificador_paridad.sv' to AST representation.
Generating RTLIL representation for module `\decodificador_paridad'.
Successfully finished Verilog frontend.

4. Executing Verilog-2005 frontend: ../design/receptor_top.sv
Parsing SystemVerilog input from `../design/receptor_top.sv' to AST representation.
Generating RTLIL representation for module `\receptor_top'.
Successfully finished Verilog frontend.

5. Executing Verilog-2005 frontend: ../design/selector.sv
Parsing SystemVerilog input from `../design/selector.sv' to AST representation.
Generating RTLIL representation for module `\selector'.
Successfully finished Verilog frontend.

6. Executing SYNTH_GOWIN pass.

6.1. Executing Verilog-2005 frontend: C:\Users\BRANDO~2\DOWNLO~1\OSS-CA~1\bin\../share/yosys/gowin/cells_sim.v
Parsing Verilog input from `C:\Users\BRANDO~2\DOWNLO~1\OSS-CA~1\bin\../share/yosys/gowin/cells_sim.v' to AST representation.
Generating RTLIL representation for module `\LUT1'.
Generating RTLIL representation for module `\LUT2'.
Generating RTLIL representation for module `\LUT3'.
Generating RTLIL representation for module `\LUT4'.
Generating RTLIL representation for module `\__APICULA_LUT5'.
Generating RTLIL representation for module `\__APICULA_LUT6'.
Generating RTLIL representation for module `\__APICULA_LUT7'.
Generating RTLIL representation for module `\__APICULA_LUT8'.
Generating RTLIL representation for module `\MUX2'.
Generating RTLIL representation for module `\MUX2_LUT5'.
Generating RTLIL representation for module `\MUX2_LUT6'.
Generating RTLIL representation for module `\MUX2_LUT7'.
Generating RTLIL representation for module `\MUX2_LUT8'.
Generating RTLIL representation for module `\DFF'.
Generating RTLIL representation for module `\DFFE'.
Generating RTLIL representation for module `\DFFS'.
Generating RTLIL representation for module `\DFFSE'.
Generating RTLIL representation for module `\DFFR'.
Generating RTLIL representation for module `\DFFRE'.
Generating RTLIL representation for module `\DFFP'.
Generating RTLIL representation for module `\DFFPE'.
Generating RTLIL representation for module `\DFFC'.
Generating RTLIL representation for module `\DFFCE'.
Generating RTLIL representation for module `\DFFN'.
Generating RTLIL representation for module `\DFFNE'.
Generating RTLIL representation for module `\DFFNS'.
Generating RTLIL representation for module `\DFFNSE'.
Generating RTLIL representation for module `\DFFNR'.
Generating RTLIL representation for module `\DFFNRE'.
Generating RTLIL representation for module `\DFFNP'.
Generating RTLIL representation for module `\DFFNPE'.
Generating RTLIL representation for module `\DFFNC'.
Generating RTLIL representation for module `\DFFNCE'.
Generating RTLIL representation for module `\VCC'.
Generating RTLIL representation for module `\GND'.
Generating RTLIL representation for module `\IBUF'.
Generating RTLIL representation for module `\OBUF'.
Generating RTLIL representation for module `\TBUF'.
Generating RTLIL representation for module `\IOBUF'.
Generating RTLIL representation for module `\TLVDS_OBUF'.
Generating RTLIL representation for module `\ODDR'.
Generating RTLIL representation for module `\ODDRC'.
Generating RTLIL representation for module `\GSR'.
Generating RTLIL representation for module `\ALU'.
Generating RTLIL representation for module `\RAM16S1'.
Generating RTLIL representation for module `\RAM16S2'.
Generating RTLIL representation for module `\RAM16S4'.
Generating RTLIL representation for module `\RAM16SDP1'.
Generating RTLIL representation for module `\RAM16SDP2'.
Generating RTLIL representation for module `\RAM16SDP4'.
Generating RTLIL representation for module `\SP'.
Generating RTLIL representation for module `\SPX9'.
Generating RTLIL representation for module `\SDP'.
Generating RTLIL representation for module `\SDPX9'.
Generating RTLIL representation for module `\DP'.
Generating RTLIL representation for module `\DPX9'.
Generating RTLIL representation for module `\rPLL'.
Generating RTLIL representation for module `\PLLVR'.
Generating RTLIL representation for module `\OSC'.
Generating RTLIL representation for module `\OSCZ'.
Generating RTLIL representation for module `\OSCF'.
Generating RTLIL representation for module `\OSCH'.
Successfully finished Verilog frontend.

6.2. Executing HIERARCHY pass (managing design hierarchy).

6.2.1. Analyzing design hierarchy..
Top module:  \receptor_top
Used module:     \bin_to_7seg
Used module:     \selector
Used module:     \corrector_error
Used module:     \decodificador_paridad

6.2.2. Analyzing design hierarchy..
Top module:  \receptor_top
Used module:     \bin_to_7seg
Used module:     \selector
Used module:     \corrector_error
Used module:     \decodificador_paridad
Removed 0 unused modules.

6.3. Executing PROC pass (convert processes to netlists).

6.3.1. Executing PROC_CLEAN pass (remove empty switches from decision trees).
Found and cleaned up 1 empty switch in `\ALU.$proc$C:\Users\BRANDO~2\DOWNLO~1\OSS-CA~1\bin\../share/yosys/gowin/cells_sim.v:661$321'.
Cleaned up 1 empty switch.

6.3.2. Executing PROC_RMDEAD pass (remove dead branches from decision trees).
Marked 1 switch rules as full_case in process $proc$C:\Users\BRANDO~2\DOWNLO~1\OSS-CA~1\bin\../share/yosys/gowin/cells_sim.v:535$317 in module DFFNCE.
Marked 1 switch rules as full_case in process $proc$C:\Users\BRANDO~2\DOWNLO~1\OSS-CA~1\bin\../share/yosys/gowin/cells_sim.v:515$315 in module DFFNC.
Marked 1 switch rules as full_case in process $proc$C:\Users\BRANDO~2\DOWNLO~1\OSS-CA~1\bin\../share/yosys/gowin/cells_sim.v:496$313 in module DFFNPE.
Marked 1 switch rules as full_case in process $proc$C:\Users\BRANDO~2\DOWNLO~1\OSS-CA~1\bin\../share/yosys/gowin/cells_sim.v:476$311 in module DFFNP.
Marked 1 switch rules as full_case in process $proc$C:\Users\BRANDO~2\DOWNLO~1\OSS-CA~1\bin\../share/yosys/gowin/cells_sim.v:457$309 in module DFFNRE.
Marked 1 switch rules as full_case in process $proc$C:\Users\BRANDO~2\DOWNLO~1\OSS-CA~1\bin\../share/yosys/gowin/cells_sim.v:437$307 in module DFFNR.
Marked 1 switch rules as full_case in process $proc$C:\Users\BRANDO~2\DOWNLO~1\OSS-CA~1\bin\../share/yosys/gowin/cells_sim.v:418$305 in module DFFNSE.
Marked 1 switch rules as full_case in process $proc$C:\Users\BRANDO~2\DOWNLO~1\OSS-CA~1\bin\../share/yosys/gowin/cells_sim.v:398$303 in module DFFNS.
Marked 1 switch rules as full_case in process $proc$C:\Users\BRANDO~2\DOWNLO~1\OSS-CA~1\bin\../share/yosys/gowin/cells_sim.v:348$297 in module DFFCE.
Marked 1 switch rules as full_case in process $proc$C:\Users\BRANDO~2\DOWNLO~1\OSS-CA~1\bin\../share/yosys/gowin/cells_sim.v:328$295 in module DFFC.
Marked 1 switch rules as full_case in process $proc$C:\Users\BRANDO~2\DOWNLO~1\OSS-CA~1\bin\../share/yosys/gowin/cells_sim.v:309$293 in module DFFPE.
Marked 1 switch rules as full_case in process $proc$C:\Users\BRANDO~2\DOWNLO~1\OSS-CA~1\bin\../share/yosys/gowin/cells_sim.v:289$291 in module DFFP.
Marked 1 switch rules as full_case in process $proc$C:\Users\BRANDO~2\DOWNLO~1\OSS-CA~1\bin\../share/yosys/gowin/cells_sim.v:270$289 in module DFFRE.
Marked 1 switch rules as full_case in process $proc$C:\Users\BRANDO~2\DOWNLO~1\OSS-CA~1\bin\../share/yosys/gowin/cells_sim.v:250$287 in module DFFR.
Marked 1 switch rules as full_case in process $proc$C:\Users\BRANDO~2\DOWNLO~1\OSS-CA~1\bin\../share/yosys/gowin/cells_sim.v:231$285 in module DFFSE.
Marked 1 switch rules as full_case in process $proc$C:\Users\BRANDO~2\DOWNLO~1\OSS-CA~1\bin\../share/yosys/gowin/cells_sim.v:211$283 in module DFFS.
Removed 1 dead cases from process $proc$../design/bin_to_7seg.sv:0$1 in module bin_to_7seg.
Marked 1 switch rules as full_case in process $proc$../design/bin_to_7seg.sv:0$1 in module bin_to_7seg.
Removed a total of 1 dead cases.

6.3.3. Executing PROC_PRUNE pass (remove redundant assignments in processes).
Removed 8 redundant assignments.
Promoted 27 assignments to connections.

6.3.4. Executing PROC_INIT pass (extract init attributes).
Found init rule in `\DFFNCE.$proc$C:\Users\BRANDO~2\DOWNLO~1\OSS-CA~1\bin\../share/yosys/gowin/cells_sim.v:0$318'.
  Set init value: \Q = 1'0
Found init rule in `\DFFNC.$proc$C:\Users\BRANDO~2\DOWNLO~1\OSS-CA~1\bin\../share/yosys/gowin/cells_sim.v:0$316'.
  Set init value: \Q = 1'0
Found init rule in `\DFFNPE.$proc$C:\Users\BRANDO~2\DOWNLO~1\OSS-CA~1\bin\../share/yosys/gowin/cells_sim.v:0$314'.
  Set init value: \Q = 1'1
Found init rule in `\DFFNP.$proc$C:\Users\BRANDO~2\DOWNLO~1\OSS-CA~1\bin\../share/yosys/gowin/cells_sim.v:0$312'.
  Set init value: \Q = 1'1
Found init rule in `\DFFNRE.$proc$C:\Users\BRANDO~2\DOWNLO~1\OSS-CA~1\bin\../share/yosys/gowin/cells_sim.v:0$310'.
  Set init value: \Q = 1'0
Found init rule in `\DFFNR.$proc$C:\Users\BRANDO~2\DOWNLO~1\OSS-CA~1\bin\../share/yosys/gowin/cells_sim.v:0$308'.
  Set init value: \Q = 1'0
Found init rule in `\DFFNSE.$proc$C:\Users\BRANDO~2\DOWNLO~1\OSS-CA~1\bin\../share/yosys/gowin/cells_sim.v:0$306'.
  Set init value: \Q = 1'1
Found init rule in `\DFFNS.$proc$C:\Users\BRANDO~2\DOWNLO~1\OSS-CA~1\bin\../share/yosys/gowin/cells_sim.v:0$304'.
  Set init value: \Q = 1'1
Found init rule in `\DFFNE.$proc$C:\Users\BRANDO~2\DOWNLO~1\OSS-CA~1\bin\../share/yosys/gowin/cells_sim.v:0$302'.
  Set init value: \Q = 1'0
Found init rule in `\DFFN.$proc$C:\Users\BRANDO~2\DOWNLO~1\OSS-CA~1\bin\../share/yosys/gowin/cells_sim.v:0$300'.
  Set init value: \Q = 1'0
Found init rule in `\DFFCE.$proc$C:\Users\BRANDO~2\DOWNLO~1\OSS-CA~1\bin\../share/yosys/gowin/cells_sim.v:0$298'.
  Set init value: \Q = 1'0
Found init rule in `\DFFC.$proc$C:\Users\BRANDO~2\DOWNLO~1\OSS-CA~1\bin\../share/yosys/gowin/cells_sim.v:0$296'.
  Set init value: \Q = 1'0
Found init rule in `\DFFPE.$proc$C:\Users\BRANDO~2\DOWNLO~1\OSS-CA~1\bin\../share/yosys/gowin/cells_sim.v:0$294'.
  Set init value: \Q = 1'1
Found init rule in `\DFFP.$proc$C:\Users\BRANDO~2\DOWNLO~1\OSS-CA~1\bin\../share/yosys/gowin/cells_sim.v:0$292'.
  Set init value: \Q = 1'1
Found init rule in `\DFFRE.$proc$C:\Users\BRANDO~2\DOWNLO~1\OSS-CA~1\bin\../share/yosys/gowin/cells_sim.v:0$290'.
  Set init value: \Q = 1'0
Found init rule in `\DFFR.$proc$C:\Users\BRANDO~2\DOWNLO~1\OSS-CA~1\bin\../share/yosys/gowin/cells_sim.v:0$288'.
  Set init value: \Q = 1'0
Found init rule in `\DFFSE.$proc$C:\Users\BRANDO~2\DOWNLO~1\OSS-CA~1\bin\../share/yosys/gowin/cells_sim.v:0$286'.
  Set init value: \Q = 1'1
Found init rule in `\DFFS.$proc$C:\Users\BRANDO~2\DOWNLO~1\OSS-CA~1\bin\../share/yosys/gowin/cells_sim.v:0$284'.
  Set init value: \Q = 1'1
Found init rule in `\DFFE.$proc$C:\Users\BRANDO~2\DOWNLO~1\OSS-CA~1\bin\../share/yosys/gowin/cells_sim.v:0$282'.
  Set init value: \Q = 1'0
Found init rule in `\DFF.$proc$C:\Users\BRANDO~2\DOWNLO~1\OSS-CA~1\bin\../share/yosys/gowin/cells_sim.v:0$280'.
  Set init value: \Q = 1'0

6.3.5. Executing PROC_ARST pass (detect async resets in processes).
Found async reset \CLEAR in `\DFFNCE.$proc$C:\Users\BRANDO~2\DOWNLO~1\OSS-CA~1\bin\../share/yosys/gowin/cells_sim.v:535$317'.
Found async reset \CLEAR in `\DFFNC.$proc$C:\Users\BRANDO~2\DOWNLO~1\OSS-CA~1\bin\../share/yosys/gowin/cells_sim.v:515$315'.
Found async reset \PRESET in `\DFFNPE.$proc$C:\Users\BRANDO~2\DOWNLO~1\OSS-CA~1\bin\../share/yosys/gowin/cells_sim.v:496$313'.
Found async reset \PRESET in `\DFFNP.$proc$C:\Users\BRANDO~2\DOWNLO~1\OSS-CA~1\bin\../share/yosys/gowin/cells_sim.v:476$311'.
Found async reset \CLEAR in `\DFFCE.$proc$C:\Users\BRANDO~2\DOWNLO~1\OSS-CA~1\bin\../share/yosys/gowin/cells_sim.v:348$297'.
Found async reset \CLEAR in `\DFFC.$proc$C:\Users\BRANDO~2\DOWNLO~1\OSS-CA~1\bin\../share/yosys/gowin/cells_sim.v:328$295'.
Found async reset \PRESET in `\DFFPE.$proc$C:\Users\BRANDO~2\DOWNLO~1\OSS-CA~1\bin\../share/yosys/gowin/cells_sim.v:309$293'.
Found async reset \PRESET in `\DFFP.$proc$C:\Users\BRANDO~2\DOWNLO~1\OSS-CA~1\bin\../share/yosys/gowin/cells_sim.v:289$291'.

6.3.6. Executing PROC_ROM pass (convert switches to ROMs).
Converted 1 switch.
<suppressed ~18 debug messages>

6.3.7. Executing PROC_MUX pass (convert decision trees to multiplexers).
Creating decoders for process `\ALU.$proc$C:\Users\BRANDO~2\DOWNLO~1\OSS-CA~1\bin\../share/yosys/gowin/cells_sim.v:661$321'.
Creating decoders for process `\DFFNCE.$proc$C:\Users\BRANDO~2\DOWNLO~1\OSS-CA~1\bin\../share/yosys/gowin/cells_sim.v:0$318'.
Creating decoders for process `\DFFNCE.$proc$C:\Users\BRANDO~2\DOWNLO~1\OSS-CA~1\bin\../share/yosys/gowin/cells_sim.v:535$317'.
     1/1: $0\Q[0:0]
Creating decoders for process `\DFFNC.$proc$C:\Users\BRANDO~2\DOWNLO~1\OSS-CA~1\bin\../share/yosys/gowin/cells_sim.v:0$316'.
Creating decoders for process `\DFFNC.$proc$C:\Users\BRANDO~2\DOWNLO~1\OSS-CA~1\bin\../share/yosys/gowin/cells_sim.v:515$315'.
     1/1: $0\Q[0:0]
Creating decoders for process `\DFFNPE.$proc$C:\Users\BRANDO~2\DOWNLO~1\OSS-CA~1\bin\../share/yosys/gowin/cells_sim.v:0$314'.
Creating decoders for process `\DFFNPE.$proc$C:\Users\BRANDO~2\DOWNLO~1\OSS-CA~1\bin\../share/yosys/gowin/cells_sim.v:496$313'.
     1/1: $0\Q[0:0]
Creating decoders for process `\DFFNP.$proc$C:\Users\BRANDO~2\DOWNLO~1\OSS-CA~1\bin\../share/yosys/gowin/cells_sim.v:0$312'.
Creating decoders for process `\DFFNP.$proc$C:\Users\BRANDO~2\DOWNLO~1\OSS-CA~1\bin\../share/yosys/gowin/cells_sim.v:476$311'.
     1/1: $0\Q[0:0]
Creating decoders for process `\DFFNRE.$proc$C:\Users\BRANDO~2\DOWNLO~1\OSS-CA~1\bin\../share/yosys/gowin/cells_sim.v:0$310'.
Creating decoders for process `\DFFNRE.$proc$C:\Users\BRANDO~2\DOWNLO~1\OSS-CA~1\bin\../share/yosys/gowin/cells_sim.v:457$309'.
     1/1: $0\Q[0:0]
Creating decoders for process `\DFFNR.$proc$C:\Users\BRANDO~2\DOWNLO~1\OSS-CA~1\bin\../share/yosys/gowin/cells_sim.v:0$308'.
Creating decoders for process `\DFFNR.$proc$C:\Users\BRANDO~2\DOWNLO~1\OSS-CA~1\bin\../share/yosys/gowin/cells_sim.v:437$307'.
     1/1: $0\Q[0:0]
Creating decoders for process `\DFFNSE.$proc$C:\Users\BRANDO~2\DOWNLO~1\OSS-CA~1\bin\../share/yosys/gowin/cells_sim.v:0$306'.
Creating decoders for process `\DFFNSE.$proc$C:\Users\BRANDO~2\DOWNLO~1\OSS-CA~1\bin\../share/yosys/gowin/cells_sim.v:418$305'.
     1/1: $0\Q[0:0]
Creating decoders for process `\DFFNS.$proc$C:\Users\BRANDO~2\DOWNLO~1\OSS-CA~1\bin\../share/yosys/gowin/cells_sim.v:0$304'.
Creating decoders for process `\DFFNS.$proc$C:\Users\BRANDO~2\DOWNLO~1\OSS-CA~1\bin\../share/yosys/gowin/cells_sim.v:398$303'.
     1/1: $0\Q[0:0]
Creating decoders for process `\DFFNE.$proc$C:\Users\BRANDO~2\DOWNLO~1\OSS-CA~1\bin\../share/yosys/gowin/cells_sim.v:0$302'.
Creating decoders for process `\DFFNE.$proc$C:\Users\BRANDO~2\DOWNLO~1\OSS-CA~1\bin\../share/yosys/gowin/cells_sim.v:381$301'.
     1/1: $0\Q[0:0]
Creating decoders for process `\DFFN.$proc$C:\Users\BRANDO~2\DOWNLO~1\OSS-CA~1\bin\../share/yosys/gowin/cells_sim.v:0$300'.
Creating decoders for process `\DFFN.$proc$C:\Users\BRANDO~2\DOWNLO~1\OSS-CA~1\bin\../share/yosys/gowin/cells_sim.v:366$299'.
Creating decoders for process `\DFFCE.$proc$C:\Users\BRANDO~2\DOWNLO~1\OSS-CA~1\bin\../share/yosys/gowin/cells_sim.v:0$298'.
Creating decoders for process `\DFFCE.$proc$C:\Users\BRANDO~2\DOWNLO~1\OSS-CA~1\bin\../share/yosys/gowin/cells_sim.v:348$297'.
     1/1: $0\Q[0:0]
Creating decoders for process `\DFFC.$proc$C:\Users\BRANDO~2\DOWNLO~1\OSS-CA~1\bin\../share/yosys/gowin/cells_sim.v:0$296'.
Creating decoders for process `\DFFC.$proc$C:\Users\BRANDO~2\DOWNLO~1\OSS-CA~1\bin\../share/yosys/gowin/cells_sim.v:328$295'.
     1/1: $0\Q[0:0]
Creating decoders for process `\DFFPE.$proc$C:\Users\BRANDO~2\DOWNLO~1\OSS-CA~1\bin\../share/yosys/gowin/cells_sim.v:0$294'.
Creating decoders for process `\DFFPE.$proc$C:\Users\BRANDO~2\DOWNLO~1\OSS-CA~1\bin\../share/yosys/gowin/cells_sim.v:309$293'.
     1/1: $0\Q[0:0]
Creating decoders for process `\DFFP.$proc$C:\Users\BRANDO~2\DOWNLO~1\OSS-CA~1\bin\../share/yosys/gowin/cells_sim.v:0$292'.
Creating decoders for process `\DFFP.$proc$C:\Users\BRANDO~2\DOWNLO~1\OSS-CA~1\bin\../share/yosys/gowin/cells_sim.v:289$291'.
     1/1: $0\Q[0:0]
Creating decoders for process `\DFFRE.$proc$C:\Users\BRANDO~2\DOWNLO~1\OSS-CA~1\bin\../share/yosys/gowin/cells_sim.v:0$290'.
Creating decoders for process `\DFFRE.$proc$C:\Users\BRANDO~2\DOWNLO~1\OSS-CA~1\bin\../share/yosys/gowin/cells_sim.v:270$289'.
     1/1: $0\Q[0:0]
Creating decoders for process `\DFFR.$proc$C:\Users\BRANDO~2\DOWNLO~1\OSS-CA~1\bin\../share/yosys/gowin/cells_sim.v:0$288'.
Creating decoders for process `\DFFR.$proc$C:\Users\BRANDO~2\DOWNLO~1\OSS-CA~1\bin\../share/yosys/gowin/cells_sim.v:250$287'.
     1/1: $0\Q[0:0]
Creating decoders for process `\DFFSE.$proc$C:\Users\BRANDO~2\DOWNLO~1\OSS-CA~1\bin\../share/yosys/gowin/cells_sim.v:0$286'.
Creating decoders for process `\DFFSE.$proc$C:\Users\BRANDO~2\DOWNLO~1\OSS-CA~1\bin\../share/yosys/gowin/cells_sim.v:231$285'.
     1/1: $0\Q[0:0]
Creating decoders for process `\DFFS.$proc$C:\Users\BRANDO~2\DOWNLO~1\OSS-CA~1\bin\../share/yosys/gowin/cells_sim.v:0$284'.
Creating decoders for process `\DFFS.$proc$C:\Users\BRANDO~2\DOWNLO~1\OSS-CA~1\bin\../share/yosys/gowin/cells_sim.v:211$283'.
     1/1: $0\Q[0:0]
Creating decoders for process `\DFFE.$proc$C:\Users\BRANDO~2\DOWNLO~1\OSS-CA~1\bin\../share/yosys/gowin/cells_sim.v:0$282'.
Creating decoders for process `\DFFE.$proc$C:\Users\BRANDO~2\DOWNLO~1\OSS-CA~1\bin\../share/yosys/gowin/cells_sim.v:194$281'.
     1/1: $0\Q[0:0]
Creating decoders for process `\DFF.$proc$C:\Users\BRANDO~2\DOWNLO~1\OSS-CA~1\bin\../share/yosys/gowin/cells_sim.v:0$280'.
Creating decoders for process `\DFF.$proc$C:\Users\BRANDO~2\DOWNLO~1\OSS-CA~1\bin\../share/yosys/gowin/cells_sim.v:179$279'.
Creating decoders for process `\bin_to_7seg.$proc$../design/bin_to_7seg.sv:0$1'.
     1/1: $1\seg_po[6:0]

6.3.8. Executing PROC_DLATCH pass (convert process syncs to latches).
No latch inferred for signal `\bin_to_7seg.\seg_po' from process `\bin_to_7seg.$proc$../design/bin_to_7seg.sv:0$1'.

6.3.9. Executing PROC_DFF pass (convert process syncs to FFs).
Creating register for signal `\ALU.\C' using process `\ALU.$proc$C:\Users\BRANDO~2\DOWNLO~1\OSS-CA~1\bin\../share/yosys/gowin/cells_sim.v:661$321'.
  created direct connection (no actual register cell created).
Creating register for signal `\ALU.\S' using process `\ALU.$proc$C:\Users\BRANDO~2\DOWNLO~1\OSS-CA~1\bin\../share/yosys/gowin/cells_sim.v:661$321'.
  created direct connection (no actual register cell created).
Creating register for signal `\DFFNCE.\Q' using process `\DFFNCE.$proc$C:\Users\BRANDO~2\DOWNLO~1\OSS-CA~1\bin\../share/yosys/gowin/cells_sim.v:535$317'.
  created $adff cell `$procdff$414' with negative edge clock and positive level reset.
Creating register for signal `\DFFNC.\Q' using process `\DFFNC.$proc$C:\Users\BRANDO~2\DOWNLO~1\OSS-CA~1\bin\../share/yosys/gowin/cells_sim.v:515$315'.
  created $adff cell `$procdff$415' with negative edge clock and positive level reset.
Creating register for signal `\DFFNPE.\Q' using process `\DFFNPE.$proc$C:\Users\BRANDO~2\DOWNLO~1\OSS-CA~1\bin\../share/yosys/gowin/cells_sim.v:496$313'.
  created $adff cell `$procdff$416' with negative edge clock and positive level reset.
Creating register for signal `\DFFNP.\Q' using process `\DFFNP.$proc$C:\Users\BRANDO~2\DOWNLO~1\OSS-CA~1\bin\../share/yosys/gowin/cells_sim.v:476$311'.
  created $adff cell `$procdff$417' with negative edge clock and positive level reset.
Creating register for signal `\DFFNRE.\Q' using process `\DFFNRE.$proc$C:\Users\BRANDO~2\DOWNLO~1\OSS-CA~1\bin\../share/yosys/gowin/cells_sim.v:457$309'.
  created $dff cell `$procdff$418' with negative edge clock.
Creating register for signal `\DFFNR.\Q' using process `\DFFNR.$proc$C:\Users\BRANDO~2\DOWNLO~1\OSS-CA~1\bin\../share/yosys/gowin/cells_sim.v:437$307'.
  created $dff cell `$procdff$419' with negative edge clock.
Creating register for signal `\DFFNSE.\Q' using process `\DFFNSE.$proc$C:\Users\BRANDO~2\DOWNLO~1\OSS-CA~1\bin\../share/yosys/gowin/cells_sim.v:418$305'.
  created $dff cell `$procdff$420' with negative edge clock.
Creating register for signal `\DFFNS.\Q' using process `\DFFNS.$proc$C:\Users\BRANDO~2\DOWNLO~1\OSS-CA~1\bin\../share/yosys/gowin/cells_sim.v:398$303'.
  created $dff cell `$procdff$421' with negative edge clock.
Creating register for signal `\DFFNE.\Q' using process `\DFFNE.$proc$C:\Users\BRANDO~2\DOWNLO~1\OSS-CA~1\bin\../share/yosys/gowin/cells_sim.v:381$301'.
  created $dff cell `$procdff$422' with negative edge clock.
Creating register for signal `\DFFN.\Q' using process `\DFFN.$proc$C:\Users\BRANDO~2\DOWNLO~1\OSS-CA~1\bin\../share/yosys/gowin/cells_sim.v:366$299'.
  created $dff cell `$procdff$423' with negative edge clock.
Creating register for signal `\DFFCE.\Q' using process `\DFFCE.$proc$C:\Users\BRANDO~2\DOWNLO~1\OSS-CA~1\bin\../share/yosys/gowin/cells_sim.v:348$297'.
  created $adff cell `$procdff$424' with positive edge clock and positive level reset.
Creating register for signal `\DFFC.\Q' using process `\DFFC.$proc$C:\Users\BRANDO~2\DOWNLO~1\OSS-CA~1\bin\../share/yosys/gowin/cells_sim.v:328$295'.
  created $adff cell `$procdff$425' with positive edge clock and positive level reset.
Creating register for signal `\DFFPE.\Q' using process `\DFFPE.$proc$C:\Users\BRANDO~2\DOWNLO~1\OSS-CA~1\bin\../share/yosys/gowin/cells_sim.v:309$293'.
  created $adff cell `$procdff$426' with positive edge clock and positive level reset.
Creating register for signal `\DFFP.\Q' using process `\DFFP.$proc$C:\Users\BRANDO~2\DOWNLO~1\OSS-CA~1\bin\../share/yosys/gowin/cells_sim.v:289$291'.
  created $adff cell `$procdff$427' with positive edge clock and positive level reset.
Creating register for signal `\DFFRE.\Q' using process `\DFFRE.$proc$C:\Users\BRANDO~2\DOWNLO~1\OSS-CA~1\bin\../share/yosys/gowin/cells_sim.v:270$289'.
  created $dff cell `$procdff$428' with positive edge clock.
Creating register for signal `\DFFR.\Q' using process `\DFFR.$proc$C:\Users\BRANDO~2\DOWNLO~1\OSS-CA~1\bin\../share/yosys/gowin/cells_sim.v:250$287'.
  created $dff cell `$procdff$429' with positive edge clock.
Creating register for signal `\DFFSE.\Q' using process `\DFFSE.$proc$C:\Users\BRANDO~2\DOWNLO~1\OSS-CA~1\bin\../share/yosys/gowin/cells_sim.v:231$285'.
  created $dff cell `$procdff$430' with positive edge clock.
Creating register for signal `\DFFS.\Q' using process `\DFFS.$proc$C:\Users\BRANDO~2\DOWNLO~1\OSS-CA~1\bin\../share/yosys/gowin/cells_sim.v:211$283'.
  created $dff cell `$procdff$431' with positive edge clock.
Creating register for signal `\DFFE.\Q' using process `\DFFE.$proc$C:\Users\BRANDO~2\DOWNLO~1\OSS-CA~1\bin\../share/yosys/gowin/cells_sim.v:194$281'.
  created $dff cell `$procdff$432' with positive edge clock.
Creating register for signal `\DFF.\Q' using process `\DFF.$proc$C:\Users\BRANDO~2\DOWNLO~1\OSS-CA~1\bin\../share/yosys/gowin/cells_sim.v:179$279'.
  created $dff cell `$procdff$433' with positive edge clock.

6.3.10. Executing PROC_MEMWR pass (convert process memory writes to cells).

6.3.11. Executing PROC_CLEAN pass (remove empty switches from decision trees).
Removing empty process `ALU.$proc$C:\Users\BRANDO~2\DOWNLO~1\OSS-CA~1\bin\../share/yosys/gowin/cells_sim.v:661$321'.
Removing empty process `DFFNCE.$proc$C:\Users\BRANDO~2\DOWNLO~1\OSS-CA~1\bin\../share/yosys/gowin/cells_sim.v:0$318'.
Found and cleaned up 1 empty switch in `\DFFNCE.$proc$C:\Users\BRANDO~2\DOWNLO~1\OSS-CA~1\bin\../share/yosys/gowin/cells_sim.v:535$317'.
Removing empty process `DFFNCE.$proc$C:\Users\BRANDO~2\DOWNLO~1\OSS-CA~1\bin\../share/yosys/gowin/cells_sim.v:535$317'.
Removing empty process `DFFNC.$proc$C:\Users\BRANDO~2\DOWNLO~1\OSS-CA~1\bin\../share/yosys/gowin/cells_sim.v:0$316'.
Removing empty process `DFFNC.$proc$C:\Users\BRANDO~2\DOWNLO~1\OSS-CA~1\bin\../share/yosys/gowin/cells_sim.v:515$315'.
Removing empty process `DFFNPE.$proc$C:\Users\BRANDO~2\DOWNLO~1\OSS-CA~1\bin\../share/yosys/gowin/cells_sim.v:0$314'.
Found and cleaned up 1 empty switch in `\DFFNPE.$proc$C:\Users\BRANDO~2\DOWNLO~1\OSS-CA~1\bin\../share/yosys/gowin/cells_sim.v:496$313'.
Removing empty process `DFFNPE.$proc$C:\Users\BRANDO~2\DOWNLO~1\OSS-CA~1\bin\../share/yosys/gowin/cells_sim.v:496$313'.
Removing empty process `DFFNP.$proc$C:\Users\BRANDO~2\DOWNLO~1\OSS-CA~1\bin\../share/yosys/gowin/cells_sim.v:0$312'.
Removing empty process `DFFNP.$proc$C:\Users\BRANDO~2\DOWNLO~1\OSS-CA~1\bin\../share/yosys/gowin/cells_sim.v:476$311'.
Removing empty process `DFFNRE.$proc$C:\Users\BRANDO~2\DOWNLO~1\OSS-CA~1\bin\../share/yosys/gowin/cells_sim.v:0$310'.
Found and cleaned up 2 empty switches in `\DFFNRE.$proc$C:\Users\BRANDO~2\DOWNLO~1\OSS-CA~1\bin\../share/yosys/gowin/cells_sim.v:457$309'.
Removing empty process `DFFNRE.$proc$C:\Users\BRANDO~2\DOWNLO~1\OSS-CA~1\bin\../share/yosys/gowin/cells_sim.v:457$309'.
Removing empty process `DFFNR.$proc$C:\Users\BRANDO~2\DOWNLO~1\OSS-CA~1\bin\../share/yosys/gowin/cells_sim.v:0$308'.
Found and cleaned up 1 empty switch in `\DFFNR.$proc$C:\Users\BRANDO~2\DOWNLO~1\OSS-CA~1\bin\../share/yosys/gowin/cells_sim.v:437$307'.
Removing empty process `DFFNR.$proc$C:\Users\BRANDO~2\DOWNLO~1\OSS-CA~1\bin\../share/yosys/gowin/cells_sim.v:437$307'.
Removing empty process `DFFNSE.$proc$C:\Users\BRANDO~2\DOWNLO~1\OSS-CA~1\bin\../share/yosys/gowin/cells_sim.v:0$306'.
Found and cleaned up 2 empty switches in `\DFFNSE.$proc$C:\Users\BRANDO~2\DOWNLO~1\OSS-CA~1\bin\../share/yosys/gowin/cells_sim.v:418$305'.
Removing empty process `DFFNSE.$proc$C:\Users\BRANDO~2\DOWNLO~1\OSS-CA~1\bin\../share/yosys/gowin/cells_sim.v:418$305'.
Removing empty process `DFFNS.$proc$C:\Users\BRANDO~2\DOWNLO~1\OSS-CA~1\bin\../share/yosys/gowin/cells_sim.v:0$304'.
Found and cleaned up 1 empty switch in `\DFFNS.$proc$C:\Users\BRANDO~2\DOWNLO~1\OSS-CA~1\bin\../share/yosys/gowin/cells_sim.v:398$303'.
Removing empty process `DFFNS.$proc$C:\Users\BRANDO~2\DOWNLO~1\OSS-CA~1\bin\../share/yosys/gowin/cells_sim.v:398$303'.
Removing empty process `DFFNE.$proc$C:\Users\BRANDO~2\DOWNLO~1\OSS-CA~1\bin\../share/yosys/gowin/cells_sim.v:0$302'.
Found and cleaned up 1 empty switch in `\DFFNE.$proc$C:\Users\BRANDO~2\DOWNLO~1\OSS-CA~1\bin\../share/yosys/gowin/cells_sim.v:381$301'.
Removing empty process `DFFNE.$proc$C:\Users\BRANDO~2\DOWNLO~1\OSS-CA~1\bin\../share/yosys/gowin/cells_sim.v:381$301'.
Removing empty process `DFFN.$proc$C:\Users\BRANDO~2\DOWNLO~1\OSS-CA~1\bin\../share/yosys/gowin/cells_sim.v:0$300'.
Removing empty process `DFFN.$proc$C:\Users\BRANDO~2\DOWNLO~1\OSS-CA~1\bin\../share/yosys/gowin/cells_sim.v:366$299'.
Removing empty process `DFFCE.$proc$C:\Users\BRANDO~2\DOWNLO~1\OSS-CA~1\bin\../share/yosys/gowin/cells_sim.v:0$298'.
Found and cleaned up 1 empty switch in `\DFFCE.$proc$C:\Users\BRANDO~2\DOWNLO~1\OSS-CA~1\bin\../share/yosys/gowin/cells_sim.v:348$297'.
Removing empty process `DFFCE.$proc$C:\Users\BRANDO~2\DOWNLO~1\OSS-CA~1\bin\../share/yosys/gowin/cells_sim.v:348$297'.
Removing empty process `DFFC.$proc$C:\Users\BRANDO~2\DOWNLO~1\OSS-CA~1\bin\../share/yosys/gowin/cells_sim.v:0$296'.
Removing empty process `DFFC.$proc$C:\Users\BRANDO~2\DOWNLO~1\OSS-CA~1\bin\../share/yosys/gowin/cells_sim.v:328$295'.
Removing empty process `DFFPE.$proc$C:\Users\BRANDO~2\DOWNLO~1\OSS-CA~1\bin\../share/yosys/gowin/cells_sim.v:0$294'.
Found and cleaned up 1 empty switch in `\DFFPE.$proc$C:\Users\BRANDO~2\DOWNLO~1\OSS-CA~1\bin\../share/yosys/gowin/cells_sim.v:309$293'.
Removing empty process `DFFPE.$proc$C:\Users\BRANDO~2\DOWNLO~1\OSS-CA~1\bin\../share/yosys/gowin/cells_sim.v:309$293'.
Removing empty process `DFFP.$proc$C:\Users\BRANDO~2\DOWNLO~1\OSS-CA~1\bin\../share/yosys/gowin/cells_sim.v:0$292'.
Removing empty process `DFFP.$proc$C:\Users\BRANDO~2\DOWNLO~1\OSS-CA~1\bin\../share/yosys/gowin/cells_sim.v:289$291'.
Removing empty process `DFFRE.$proc$C:\Users\BRANDO~2\DOWNLO~1\OSS-CA~1\bin\../share/yosys/gowin/cells_sim.v:0$290'.
Found and cleaned up 2 empty switches in `\DFFRE.$proc$C:\Users\BRANDO~2\DOWNLO~1\OSS-CA~1\bin\../share/yosys/gowin/cells_sim.v:270$289'.
Removing empty process `DFFRE.$proc$C:\Users\BRANDO~2\DOWNLO~1\OSS-CA~1\bin\../share/yosys/gowin/cells_sim.v:270$289'.
Removing empty process `DFFR.$proc$C:\Users\BRANDO~2\DOWNLO~1\OSS-CA~1\bin\../share/yosys/gowin/cells_sim.v:0$288'.
Found and cleaned up 1 empty switch in `\DFFR.$proc$C:\Users\BRANDO~2\DOWNLO~1\OSS-CA~1\bin\../share/yosys/gowin/cells_sim.v:250$287'.
Removing empty process `DFFR.$proc$C:\Users\BRANDO~2\DOWNLO~1\OSS-CA~1\bin\../share/yosys/gowin/cells_sim.v:250$287'.
Removing empty process `DFFSE.$proc$C:\Users\BRANDO~2\DOWNLO~1\OSS-CA~1\bin\../share/yosys/gowin/cells_sim.v:0$286'.
Found and cleaned up 2 empty switches in `\DFFSE.$proc$C:\Users\BRANDO~2\DOWNLO~1\OSS-CA~1\bin\../share/yosys/gowin/cells_sim.v:231$285'.
Removing empty process `DFFSE.$proc$C:\Users\BRANDO~2\DOWNLO~1\OSS-CA~1\bin\../share/yosys/gowin/cells_sim.v:231$285'.
Removing empty process `DFFS.$proc$C:\Users\BRANDO~2\DOWNLO~1\OSS-CA~1\bin\../share/yosys/gowin/cells_sim.v:0$284'.
Found and cleaned up 1 empty switch in `\DFFS.$proc$C:\Users\BRANDO~2\DOWNLO~1\OSS-CA~1\bin\../share/yosys/gowin/cells_sim.v:211$283'.
Removing empty process `DFFS.$proc$C:\Users\BRANDO~2\DOWNLO~1\OSS-CA~1\bin\../share/yosys/gowin/cells_sim.v:211$283'.
Removing empty process `DFFE.$proc$C:\Users\BRANDO~2\DOWNLO~1\OSS-CA~1\bin\../share/yosys/gowin/cells_sim.v:0$282'.
Found and cleaned up 1 empty switch in `\DFFE.$proc$C:\Users\BRANDO~2\DOWNLO~1\OSS-CA~1\bin\../share/yosys/gowin/cells_sim.v:194$281'.
Removing empty process `DFFE.$proc$C:\Users\BRANDO~2\DOWNLO~1\OSS-CA~1\bin\../share/yosys/gowin/cells_sim.v:194$281'.
Removing empty process `DFF.$proc$C:\Users\BRANDO~2\DOWNLO~1\OSS-CA~1\bin\../share/yosys/gowin/cells_sim.v:0$280'.
Removing empty process `DFF.$proc$C:\Users\BRANDO~2\DOWNLO~1\OSS-CA~1\bin\../share/yosys/gowin/cells_sim.v:179$279'.
Found and cleaned up 1 empty switch in `\bin_to_7seg.$proc$../design/bin_to_7seg.sv:0$1'.
Removing empty process `bin_to_7seg.$proc$../design/bin_to_7seg.sv:0$1'.
Cleaned up 19 empty switches.

6.3.12. Executing OPT_EXPR pass (perform const folding).
Optimizing module selector.
Optimizing module receptor_top.
Optimizing module decodificador_paridad.
Optimizing module corrector_error.
Optimizing module bin_to_7seg.

6.4. Executing FLATTEN pass (flatten design).
Deleting now unused module selector.
Deleting now unused module decodificador_paridad.
Deleting now unused module corrector_error.
Deleting now unused module bin_to_7seg.
<suppressed ~4 debug messages>

6.5. Executing TRIBUF pass.

6.6. Executing DEMINOUT pass (demote inout ports to input or output).

6.7. Executing SYNTH pass.

6.7.1. Executing PROC pass (convert processes to netlists).

6.7.1.1. Executing PROC_CLEAN pass (remove empty switches from decision trees).
Cleaned up 0 empty switches.

6.7.1.2. Executing PROC_RMDEAD pass (remove dead branches from decision trees).
Removed a total of 0 dead cases.

6.7.1.3. Executing PROC_PRUNE pass (remove redundant assignments in processes).
Removed 0 redundant assignments.
Promoted 0 assignments to connections.

6.7.1.4. Executing PROC_INIT pass (extract init attributes).

6.7.1.5. Executing PROC_ARST pass (detect async resets in processes).

6.7.1.6. Executing PROC_ROM pass (convert switches to ROMs).
Converted 0 switches.

6.7.1.7. Executing PROC_MUX pass (convert decision trees to multiplexers).

6.7.1.8. Executing PROC_DLATCH pass (convert process syncs to latches).

6.7.1.9. Executing PROC_DFF pass (convert process syncs to FFs).

6.7.1.10. Executing PROC_MEMWR pass (convert process memory writes to cells).

6.7.1.11. Executing PROC_CLEAN pass (remove empty switches from decision trees).
Cleaned up 0 empty switches.

6.7.1.12. Executing OPT_EXPR pass (perform const folding).
Optimizing module receptor_top.

6.7.2. Executing OPT_EXPR pass (perform const folding).
Optimizing module receptor_top.

6.7.3. Executing OPT_CLEAN pass (remove unused cells and wires).
Finding unused cells or wires in module \receptor_top..
Removed 31 unused cells and 54 unused wires.
<suppressed ~33 debug messages>

6.7.4. Executing CHECK pass (checking for obvious problems).
Checking module receptor_top...
Found and reported 0 problems.

6.7.5. Executing OPT pass (performing simple optimizations).

6.7.5.1. Executing OPT_EXPR pass (perform const folding).
Optimizing module receptor_top.

6.7.5.2. Executing OPT_MERGE pass (detect identical cells).
Finding identical cells in module `\receptor_top'.
<suppressed ~21 debug messages>
Removed a total of 7 cells.

6.7.5.3. Executing OPT_MUXTREE pass (detect dead branches in mux trees).
Running muxtree optimizer on module \receptor_top..
  Creating internal representation of mux trees.
  No muxes found in this module.
Removed 0 multiplexer ports.

6.7.5.4. Executing OPT_REDUCE pass (consolidate $*mux and $reduce_* inputs).
  Optimizing cells in module \receptor_top.
Performed a total of 0 changes.

6.7.5.5. Executing OPT_MERGE pass (detect identical cells).
Finding identical cells in module `\receptor_top'.
Removed a total of 0 cells.

6.7.5.6. Executing OPT_DFF pass (perform DFF optimizations).

6.7.5.7. Executing OPT_CLEAN pass (remove unused cells and wires).
Finding unused cells or wires in module \receptor_top..
Removed 0 unused cells and 7 unused wires.
<suppressed ~1 debug messages>

6.7.5.8. Executing OPT_EXPR pass (perform const folding).
Optimizing module receptor_top.

6.7.5.9. Rerunning OPT passes. (Maybe there is more to do..)

6.7.5.10. Executing OPT_MUXTREE pass (detect dead branches in mux trees).
Running muxtree optimizer on module \receptor_top..
  Creating internal representation of mux trees.
  No muxes found in this module.
Removed 0 multiplexer ports.

6.7.5.11. Executing OPT_REDUCE pass (consolidate $*mux and $reduce_* inputs).
  Optimizing cells in module \receptor_top.
Performed a total of 0 changes.

6.7.5.12. Executing OPT_MERGE pass (detect identical cells).
Finding identical cells in module `\receptor_top'.
Removed a total of 0 cells.

6.7.5.13. Executing OPT_DFF pass (perform DFF optimizations).

6.7.5.14. Executing OPT_CLEAN pass (remove unused cells and wires).
Finding unused cells or wires in module \receptor_top..

6.7.5.15. Executing OPT_EXPR pass (perform const folding).
Optimizing module receptor_top.

6.7.5.16. Finished OPT passes. (There is nothing left to do.)

6.7.6. Executing FSM pass (extract and optimize FSM).

6.7.6.1. Executing FSM_DETECT pass (finding FSMs in design).

6.7.6.2. Executing FSM_EXTRACT pass (extracting FSM from design).

6.7.6.3. Executing FSM_OPT pass (simple optimizations of FSMs).

6.7.6.4. Executing OPT_CLEAN pass (remove unused cells and wires).
Finding unused cells or wires in module \receptor_top..

6.7.6.5. Executing FSM_OPT pass (simple optimizations of FSMs).

6.7.6.6. Executing FSM_RECODE pass (re-assigning FSM state encoding).

6.7.6.7. Executing FSM_INFO pass (dumping all available information on FSM cells).

6.7.6.8. Executing FSM_MAP pass (mapping FSMs to basic logic).

6.7.7. Executing OPT pass (performing simple optimizations).

6.7.7.1. Executing OPT_EXPR pass (perform const folding).
Optimizing module receptor_top.

6.7.7.2. Executing OPT_MERGE pass (detect identical cells).
Finding identical cells in module `\receptor_top'.
Removed a total of 0 cells.

6.7.7.3. Executing OPT_MUXTREE pass (detect dead branches in mux trees).
Running muxtree optimizer on module \receptor_top..
  Creating internal representation of mux trees.
  No muxes found in this module.
Removed 0 multiplexer ports.

6.7.7.4. Executing OPT_REDUCE pass (consolidate $*mux and $reduce_* inputs).
  Optimizing cells in module \receptor_top.
Performed a total of 0 changes.

6.7.7.5. Executing OPT_MERGE pass (detect identical cells).
Finding identical cells in module `\receptor_top'.
Removed a total of 0 cells.

6.7.7.6. Executing OPT_DFF pass (perform DFF optimizations).

6.7.7.7. Executing OPT_CLEAN pass (remove unused cells and wires).
Finding unused cells or wires in module \receptor_top..

6.7.7.8. Executing OPT_EXPR pass (perform const folding).
Optimizing module receptor_top.

6.7.7.9. Finished OPT passes. (There is nothing left to do.)

6.7.8. Executing WREDUCE pass (reducing word size of cells).
Removed top 28 address bits (of 32) from memory init port receptor_top.$flatten\u_display.$auto$mem.cc:319:emit$368 ($flatten\u_display.$auto$proc_rom.cc:150:do_switch$366).

6.7.9. Executing PEEPOPT pass (run peephole optimizers).

6.7.10. Executing OPT_CLEAN pass (remove unused cells and wires).
Finding unused cells or wires in module \receptor_top..

6.7.11. Executing ALUMACC pass (create $alu and $macc cells).
Extracting $alu and $macc cells in module receptor_top:
  created 0 $alu and 0 $macc cells.

6.7.12. Executing SHARE pass (SAT-based resource sharing).

6.7.13. Executing OPT pass (performing simple optimizations).

6.7.13.1. Executing OPT_EXPR pass (perform const folding).
Optimizing module receptor_top.

6.7.13.2. Executing OPT_MERGE pass (detect identical cells).
Finding identical cells in module `\receptor_top'.
Removed a total of 0 cells.

6.7.13.3. Executing OPT_MUXTREE pass (detect dead branches in mux trees).
Running muxtree optimizer on module \receptor_top..
  Creating internal representation of mux trees.
  No muxes found in this module.
Removed 0 multiplexer ports.

6.7.13.4. Executing OPT_REDUCE pass (consolidate $*mux and $reduce_* inputs).
  Optimizing cells in module \receptor_top.
Performed a total of 0 changes.

6.7.13.5. Executing OPT_MERGE pass (detect identical cells).
Finding identical cells in module `\receptor_top'.
Removed a total of 0 cells.

6.7.13.6. Executing OPT_DFF pass (perform DFF optimizations).

6.7.13.7. Executing OPT_CLEAN pass (remove unused cells and wires).
Finding unused cells or wires in module \receptor_top..

6.7.13.8. Executing OPT_EXPR pass (perform const folding).
Optimizing module receptor_top.

6.7.13.9. Finished OPT passes. (There is nothing left to do.)

6.7.14. Executing MEMORY pass.

6.7.14.1. Executing OPT_MEM pass (optimize memories).
Performed a total of 0 transformations.

6.7.14.2. Executing OPT_MEM_PRIORITY pass (removing unnecessary memory write priority relations).
Performed a total of 0 transformations.

6.7.14.3. Executing OPT_MEM_FEEDBACK pass (finding memory read-to-write feedback paths).

6.7.14.4. Executing MEMORY_BMUX2ROM pass (converting muxes to ROMs).

6.7.14.5. Executing MEMORY_DFF pass (merging $dff cells to $memrd).
Checking read port `$flatten\u_display.$auto$proc_rom.cc:150:do_switch$366'[0] in module `\receptor_top': no output FF found.
Checking read port address `$flatten\u_display.$auto$proc_rom.cc:150:do_switch$366'[0] in module `\receptor_top': no address FF found.

6.7.14.6. Executing OPT_CLEAN pass (remove unused cells and wires).
Finding unused cells or wires in module \receptor_top..

6.7.14.7. Executing MEMORY_SHARE pass (consolidating $memrd/$memwr cells).

6.7.14.8. Executing OPT_MEM_WIDEN pass (optimize memories where all ports are wide).
Performed a total of 0 transformations.

6.7.14.9. Executing OPT_CLEAN pass (remove unused cells and wires).
Finding unused cells or wires in module \receptor_top..

6.7.14.10. Executing MEMORY_COLLECT pass (generating $mem cells).

6.7.15. Executing OPT_CLEAN pass (remove unused cells and wires).
Finding unused cells or wires in module \receptor_top..

6.8. Executing MEMORY_LIBMAP pass (mapping memories to cells).
using FF mapping for memory receptor_top.$flatten\u_display.$auto$proc_rom.cc:150:do_switch$366
<suppressed ~6 debug messages>

6.9. Executing TECHMAP pass (map to technology primitives).

6.9.1. Executing Verilog-2005 frontend: C:\Users\BRANDO~2\DOWNLO~1\OSS-CA~1\bin\../share/yosys/gowin/lutrams_map.v
Parsing Verilog input from `C:\Users\BRANDO~2\DOWNLO~1\OSS-CA~1\bin\../share/yosys/gowin/lutrams_map.v' to AST representation.
Generating RTLIL representation for module `\$__GOWIN_LUTRAM_'.
Successfully finished Verilog frontend.

6.9.2. Executing Verilog-2005 frontend: C:\Users\BRANDO~2\DOWNLO~1\OSS-CA~1\bin\../share/yosys/gowin/brams_map.v
Parsing Verilog input from `C:\Users\BRANDO~2\DOWNLO~1\OSS-CA~1\bin\../share/yosys/gowin/brams_map.v' to AST representation.
Generating RTLIL representation for module `\$__GOWIN_SP_'.
Generating RTLIL representation for module `\$__GOWIN_DP_'.
Generating RTLIL representation for module `\$__GOWIN_SDP_'.
Successfully finished Verilog frontend.

6.9.3. Continuing TECHMAP pass.
No more expansions possible.
<suppressed ~6 debug messages>

6.10. Executing OPT pass (performing simple optimizations).

6.10.1. Executing OPT_EXPR pass (perform const folding).
Optimizing module receptor_top.
<suppressed ~6 debug messages>

6.10.2. Executing OPT_MERGE pass (detect identical cells).
Finding identical cells in module `\receptor_top'.
Removed a total of 0 cells.

6.10.3. Executing OPT_DFF pass (perform DFF optimizations).

6.10.4. Executing OPT_CLEAN pass (remove unused cells and wires).
Finding unused cells or wires in module \receptor_top..

6.10.5. Finished fast OPT passes.

6.11. Executing MEMORY_MAP pass (converting memories to logic and flip-flops).
Mapping memory $flatten\u_display.$auto$proc_rom.cc:150:do_switch$366 in module \receptor_top:
  created 16 $dff cells and 0 static cells of width 7.
  read interface: 0 $dff and 15 $mux cells.
  write interface: 0 write mux blocks.

6.12. Executing OPT pass (performing simple optimizations).

6.12.1. Executing OPT_EXPR pass (perform const folding).
Optimizing module receptor_top.

6.12.2. Executing OPT_MERGE pass (detect identical cells).
Finding identical cells in module `\receptor_top'.
Removed a total of 0 cells.

6.12.3. Executing OPT_MUXTREE pass (detect dead branches in mux trees).
Running muxtree optimizer on module \receptor_top..
  Creating internal representation of mux trees.
  Evaluating internal representation of mux trees.
  Analyzing evaluation results.
Removed 0 multiplexer ports.
<suppressed ~1 debug messages>

6.12.4. Executing OPT_REDUCE pass (consolidate $*mux and $reduce_* inputs).
  Optimizing cells in module \receptor_top.
    Consolidated identical input bits for $mux cell $memory$flatten\u_display.$auto$proc_rom.cc:150:do_switch$366$rdmux[0][3][6]$675:
      Old ports: A=7'1000110, B=7'0100001, Y=$memory$flatten\u_display.$auto$proc_rom.cc:150:do_switch$366$rdmux[0][2][3]$a$655
      New ports: A=2'10, B=2'01, Y=$memory$flatten\u_display.$auto$proc_rom.cc:150:do_switch$366$rdmux[0][2][3]$a$655 [1:0]
      New connections: $memory$flatten\u_display.$auto$proc_rom.cc:150:do_switch$366$rdmux[0][2][3]$a$655 [6:2] = { $memory$flatten\u_display.$auto$proc_rom.cc:150:do_switch$366$rdmux[0][2][3]$a$655 [1:0] 2'00 $memory$flatten\u_display.$auto$proc_rom.cc:150:do_switch$366$rdmux[0][2][3]$a$655 [1] }
    Consolidated identical input bits for $mux cell $memory$flatten\u_display.$auto$proc_rom.cc:150:do_switch$366$rdmux[0][3][5]$672:
      Old ports: A=7'0001000, B=7'0000011, Y=$memory$flatten\u_display.$auto$proc_rom.cc:150:do_switch$366$rdmux[0][2][2]$b$653
      New ports: A=2'10, B=2'01, Y={ $memory$flatten\u_display.$auto$proc_rom.cc:150:do_switch$366$rdmux[0][2][2]$b$653 [3] $memory$flatten\u_display.$auto$proc_rom.cc:150:do_switch$366$rdmux[0][2][2]$b$653 [0] }
      New connections: { $memory$flatten\u_display.$auto$proc_rom.cc:150:do_switch$366$rdmux[0][2][2]$b$653 [6:4] $memory$flatten\u_display.$auto$proc_rom.cc:150:do_switch$366$rdmux[0][2][2]$b$653 [2:1] } = { 4'0000 $memory$flatten\u_display.$auto$proc_rom.cc:150:do_switch$366$rdmux[0][2][2]$b$653 [0] }
    Consolidated identical input bits for $mux cell $memory$flatten\u_display.$auto$proc_rom.cc:150:do_switch$366$rdmux[0][3][4]$669:
      Old ports: A=7'0000000, B=7'0010000, Y=$memory$flatten\u_display.$auto$proc_rom.cc:150:do_switch$366$rdmux[0][2][2]$a$652
      New ports: A=1'0, B=1'1, Y=$memory$flatten\u_display.$auto$proc_rom.cc:150:do_switch$366$rdmux[0][2][2]$a$652 [4]
      New connections: { $memory$flatten\u_display.$auto$proc_rom.cc:150:do_switch$366$rdmux[0][2][2]$a$652 [6:5] $memory$flatten\u_display.$auto$proc_rom.cc:150:do_switch$366$rdmux[0][2][2]$a$652 [3:0] } = 6'000000
    Consolidated identical input bits for $mux cell $memory$flatten\u_display.$auto$proc_rom.cc:150:do_switch$366$rdmux[0][3][3]$666:
      Old ports: A=7'0000010, B=7'1111000, Y=$memory$flatten\u_display.$auto$proc_rom.cc:150:do_switch$366$rdmux[0][2][1]$b$650
      New ports: A=2'01, B=2'10, Y={ $memory$flatten\u_display.$auto$proc_rom.cc:150:do_switch$366$rdmux[0][2][1]$b$650 [3] $memory$flatten\u_display.$auto$proc_rom.cc:150:do_switch$366$rdmux[0][2][1]$b$650 [1] }
      New connections: { $memory$flatten\u_display.$auto$proc_rom.cc:150:do_switch$366$rdmux[0][2][1]$b$650 [6:4] $memory$flatten\u_display.$auto$proc_rom.cc:150:do_switch$366$rdmux[0][2][1]$b$650 [2] $memory$flatten\u_display.$auto$proc_rom.cc:150:do_switch$366$rdmux[0][2][1]$b$650 [0] } = { $memory$flatten\u_display.$auto$proc_rom.cc:150:do_switch$366$rdmux[0][2][1]$b$650 [3] $memory$flatten\u_display.$auto$proc_rom.cc:150:do_switch$366$rdmux[0][2][1]$b$650 [3] $memory$flatten\u_display.$auto$proc_rom.cc:150:do_switch$366$rdmux[0][2][1]$b$650 [3] 2'00 }
    Consolidated identical input bits for $mux cell $memory$flatten\u_display.$auto$proc_rom.cc:150:do_switch$366$rdmux[0][3][2]$663:
      Old ports: A=7'0011001, B=7'0010010, Y=$memory$flatten\u_display.$auto$proc_rom.cc:150:do_switch$366$rdmux[0][2][1]$a$649
      New ports: A=2'01, B=2'10, Y=$memory$flatten\u_display.$auto$proc_rom.cc:150:do_switch$366$rdmux[0][2][1]$a$649 [1:0]
      New connections: $memory$flatten\u_display.$auto$proc_rom.cc:150:do_switch$366$rdmux[0][2][1]$a$649 [6:2] = { 3'001 $memory$flatten\u_display.$auto$proc_rom.cc:150:do_switch$366$rdmux[0][2][1]$a$649 [0] 1'0 }
    Consolidated identical input bits for $mux cell $memory$flatten\u_display.$auto$proc_rom.cc:150:do_switch$366$rdmux[0][3][1]$660:
      Old ports: A=7'0100100, B=7'0110000, Y=$memory$flatten\u_display.$auto$proc_rom.cc:150:do_switch$366$rdmux[0][2][0]$b$647
      New ports: A=2'01, B=2'10, Y={ $memory$flatten\u_display.$auto$proc_rom.cc:150:do_switch$366$rdmux[0][2][0]$b$647 [4] $memory$flatten\u_display.$auto$proc_rom.cc:150:do_switch$366$rdmux[0][2][0]$b$647 [2] }
      New connections: { $memory$flatten\u_display.$auto$proc_rom.cc:150:do_switch$366$rdmux[0][2][0]$b$647 [6:5] $memory$flatten\u_display.$auto$proc_rom.cc:150:do_switch$366$rdmux[0][2][0]$b$647 [3] $memory$flatten\u_display.$auto$proc_rom.cc:150:do_switch$366$rdmux[0][2][0]$b$647 [1:0] } = 5'01000
    Consolidated identical input bits for $mux cell $memory$flatten\u_display.$auto$proc_rom.cc:150:do_switch$366$rdmux[0][3][0]$657:
      Old ports: A=7'1000000, B=7'1111001, Y=$memory$flatten\u_display.$auto$proc_rom.cc:150:do_switch$366$rdmux[0][2][0]$a$646
      New ports: A=1'0, B=1'1, Y=$memory$flatten\u_display.$auto$proc_rom.cc:150:do_switch$366$rdmux[0][2][0]$a$646 [0]
      New connections: $memory$flatten\u_display.$auto$proc_rom.cc:150:do_switch$366$rdmux[0][2][0]$a$646 [6:1] = { 1'1 $memory$flatten\u_display.$auto$proc_rom.cc:150:do_switch$366$rdmux[0][2][0]$a$646 [0] $memory$flatten\u_display.$auto$proc_rom.cc:150:do_switch$366$rdmux[0][2][0]$a$646 [0] $memory$flatten\u_display.$auto$proc_rom.cc:150:do_switch$366$rdmux[0][2][0]$a$646 [0] 2'00 }
    Consolidated identical input bits for $mux cell $memory$flatten\u_display.$auto$proc_rom.cc:150:do_switch$366$rdmux[0][3][7]$678:
      Old ports: A=7'0000110, B=7'0001110, Y=$memory$flatten\u_display.$auto$proc_rom.cc:150:do_switch$366$rdmux[0][2][3]$b$656
      New ports: A=1'0, B=1'1, Y=$memory$flatten\u_display.$auto$proc_rom.cc:150:do_switch$366$rdmux[0][2][3]$b$656 [3]
      New connections: { $memory$flatten\u_display.$auto$proc_rom.cc:150:do_switch$366$rdmux[0][2][3]$b$656 [6:4] $memory$flatten\u_display.$auto$proc_rom.cc:150:do_switch$366$rdmux[0][2][3]$b$656 [2:0] } = 6'000110
  Optimizing cells in module \receptor_top.
    Consolidated identical input bits for $mux cell $memory$flatten\u_display.$auto$proc_rom.cc:150:do_switch$366$rdmux[0][2][3]$654:
      Old ports: A=$memory$flatten\u_display.$auto$proc_rom.cc:150:do_switch$366$rdmux[0][2][3]$a$655, B=$memory$flatten\u_display.$auto$proc_rom.cc:150:do_switch$366$rdmux[0][2][3]$b$656, Y=$memory$flatten\u_display.$auto$proc_rom.cc:150:do_switch$366$rdmux[0][1][1]$b$644
      New ports: A={ $memory$flatten\u_display.$auto$proc_rom.cc:150:do_switch$366$rdmux[0][2][3]$a$655 [1] 1'0 $memory$flatten\u_display.$auto$proc_rom.cc:150:do_switch$366$rdmux[0][2][3]$a$655 [1:0] }, B={ 1'0 $memory$flatten\u_display.$auto$proc_rom.cc:150:do_switch$366$rdmux[0][2][3]$b$656 [3] 2'10 }, Y={ $memory$flatten\u_display.$auto$proc_rom.cc:150:do_switch$366$rdmux[0][1][1]$b$644 [6] $memory$flatten\u_display.$auto$proc_rom.cc:150:do_switch$366$rdmux[0][1][1]$b$644 [3] $memory$flatten\u_display.$auto$proc_rom.cc:150:do_switch$366$rdmux[0][1][1]$b$644 [1:0] }
      New connections: { $memory$flatten\u_display.$auto$proc_rom.cc:150:do_switch$366$rdmux[0][1][1]$b$644 [5:4] $memory$flatten\u_display.$auto$proc_rom.cc:150:do_switch$366$rdmux[0][1][1]$b$644 [2] } = { $memory$flatten\u_display.$auto$proc_rom.cc:150:do_switch$366$rdmux[0][1][1]$b$644 [0] 1'0 $memory$flatten\u_display.$auto$proc_rom.cc:150:do_switch$366$rdmux[0][1][1]$b$644 [1] }
    Consolidated identical input bits for $mux cell $memory$flatten\u_display.$auto$proc_rom.cc:150:do_switch$366$rdmux[0][2][2]$651:
      Old ports: A=$memory$flatten\u_display.$auto$proc_rom.cc:150:do_switch$366$rdmux[0][2][2]$a$652, B=$memory$flatten\u_display.$auto$proc_rom.cc:150:do_switch$366$rdmux[0][2][2]$b$653, Y=$memory$flatten\u_display.$auto$proc_rom.cc:150:do_switch$366$rdmux[0][1][1]$a$643
      New ports: A={ $memory$flatten\u_display.$auto$proc_rom.cc:150:do_switch$366$rdmux[0][2][2]$a$652 [4] 2'00 }, B={ 1'0 $memory$flatten\u_display.$auto$proc_rom.cc:150:do_switch$366$rdmux[0][2][2]$b$653 [3] $memory$flatten\u_display.$auto$proc_rom.cc:150:do_switch$366$rdmux[0][2][2]$b$653 [0] }, Y={ $memory$flatten\u_display.$auto$proc_rom.cc:150:do_switch$366$rdmux[0][1][1]$a$643 [4:3] $memory$flatten\u_display.$auto$proc_rom.cc:150:do_switch$366$rdmux[0][1][1]$a$643 [0] }
      New connections: { $memory$flatten\u_display.$auto$proc_rom.cc:150:do_switch$366$rdmux[0][1][1]$a$643 [6:5] $memory$flatten\u_display.$auto$proc_rom.cc:150:do_switch$366$rdmux[0][1][1]$a$643 [2:1] } = { 3'000 $memory$flatten\u_display.$auto$proc_rom.cc:150:do_switch$366$rdmux[0][1][1]$a$643 [0] }
    Consolidated identical input bits for $mux cell $memory$flatten\u_display.$auto$proc_rom.cc:150:do_switch$366$rdmux[0][2][1]$648:
      Old ports: A=$memory$flatten\u_display.$auto$proc_rom.cc:150:do_switch$366$rdmux[0][2][1]$a$649, B=$memory$flatten\u_display.$auto$proc_rom.cc:150:do_switch$366$rdmux[0][2][1]$b$650, Y=$memory$flatten\u_display.$auto$proc_rom.cc:150:do_switch$366$rdmux[0][1][0]$b$641
      New ports: A={ 2'01 $memory$flatten\u_display.$auto$proc_rom.cc:150:do_switch$366$rdmux[0][2][1]$a$649 [0] $memory$flatten\u_display.$auto$proc_rom.cc:150:do_switch$366$rdmux[0][2][1]$a$649 [1:0] }, B={ $memory$flatten\u_display.$auto$proc_rom.cc:150:do_switch$366$rdmux[0][2][1]$b$650 [3] $memory$flatten\u_display.$auto$proc_rom.cc:150:do_switch$366$rdmux[0][2][1]$b$650 [3] $memory$flatten\u_display.$auto$proc_rom.cc:150:do_switch$366$rdmux[0][2][1]$b$650 [3] $memory$flatten\u_display.$auto$proc_rom.cc:150:do_switch$366$rdmux[0][2][1]$b$650 [1] 1'0 }, Y={ $memory$flatten\u_display.$auto$proc_rom.cc:150:do_switch$366$rdmux[0][1][0]$b$641 [5:3] $memory$flatten\u_display.$auto$proc_rom.cc:150:do_switch$366$rdmux[0][1][0]$b$641 [1:0] }
      New connections: { $memory$flatten\u_display.$auto$proc_rom.cc:150:do_switch$366$rdmux[0][1][0]$b$641 [6] $memory$flatten\u_display.$auto$proc_rom.cc:150:do_switch$366$rdmux[0][1][0]$b$641 [2] } = { $memory$flatten\u_display.$auto$proc_rom.cc:150:do_switch$366$rdmux[0][1][0]$b$641 [5] 1'0 }
    Consolidated identical input bits for $mux cell $memory$flatten\u_display.$auto$proc_rom.cc:150:do_switch$366$rdmux[0][2][0]$645:
      Old ports: A=$memory$flatten\u_display.$auto$proc_rom.cc:150:do_switch$366$rdmux[0][2][0]$a$646, B=$memory$flatten\u_display.$auto$proc_rom.cc:150:do_switch$366$rdmux[0][2][0]$b$647, Y=$memory$flatten\u_display.$auto$proc_rom.cc:150:do_switch$366$rdmux[0][1][0]$a$640
      New ports: A={ 1'1 $memory$flatten\u_display.$auto$proc_rom.cc:150:do_switch$366$rdmux[0][2][0]$a$646 [0] $memory$flatten\u_display.$auto$proc_rom.cc:150:do_switch$366$rdmux[0][2][0]$a$646 [0] 1'0 $memory$flatten\u_display.$auto$proc_rom.cc:150:do_switch$366$rdmux[0][2][0]$a$646 [0] }, B={ 2'01 $memory$flatten\u_display.$auto$proc_rom.cc:150:do_switch$366$rdmux[0][2][0]$b$647 [4] $memory$flatten\u_display.$auto$proc_rom.cc:150:do_switch$366$rdmux[0][2][0]$b$647 [2] 1'0 }, Y={ $memory$flatten\u_display.$auto$proc_rom.cc:150:do_switch$366$rdmux[0][1][0]$a$640 [6:4] $memory$flatten\u_display.$auto$proc_rom.cc:150:do_switch$366$rdmux[0][1][0]$a$640 [2] $memory$flatten\u_display.$auto$proc_rom.cc:150:do_switch$366$rdmux[0][1][0]$a$640 [0] }
      New connections: { $memory$flatten\u_display.$auto$proc_rom.cc:150:do_switch$366$rdmux[0][1][0]$a$640 [3] $memory$flatten\u_display.$auto$proc_rom.cc:150:do_switch$366$rdmux[0][1][0]$a$640 [1] } = { $memory$flatten\u_display.$auto$proc_rom.cc:150:do_switch$366$rdmux[0][1][0]$a$640 [0] 1'0 }
  Optimizing cells in module \receptor_top.
Performed a total of 12 changes.

6.12.5. Executing OPT_MERGE pass (detect identical cells).
Finding identical cells in module `\receptor_top'.
<suppressed ~15 debug messages>
Removed a total of 5 cells.

6.12.6. Executing OPT_DFF pass (perform DFF optimizations).

6.12.7. Executing OPT_CLEAN pass (remove unused cells and wires).
Finding unused cells or wires in module \receptor_top..
Removed 0 unused cells and 21 unused wires.
<suppressed ~1 debug messages>

6.12.8. Executing OPT_EXPR pass (perform const folding).
Optimizing module receptor_top.

6.12.9. Rerunning OPT passes. (Maybe there is more to do..)

6.12.10. Executing OPT_MUXTREE pass (detect dead branches in mux trees).
Running muxtree optimizer on module \receptor_top..
  Creating internal representation of mux trees.
  Evaluating internal representation of mux trees.
  Analyzing evaluation results.
Removed 0 multiplexer ports.
<suppressed ~4 debug messages>

6.12.11. Executing OPT_REDUCE pass (consolidate $*mux and $reduce_* inputs).
  Optimizing cells in module \receptor_top.
Performed a total of 0 changes.

6.12.12. Executing OPT_MERGE pass (detect identical cells).
Finding identical cells in module `\receptor_top'.
Removed a total of 0 cells.

6.12.13. Executing OPT_DFF pass (perform DFF optimizations).

6.12.14. Executing OPT_CLEAN pass (remove unused cells and wires).
Finding unused cells or wires in module \receptor_top..

6.12.15. Executing OPT_EXPR pass (perform const folding).
Optimizing module receptor_top.

6.12.16. Finished OPT passes. (There is nothing left to do.)

6.13. Executing TECHMAP pass (map to technology primitives).

6.13.1. Executing Verilog-2005 frontend: C:\Users\BRANDO~2\DOWNLO~1\OSS-CA~1\bin\../share/yosys/techmap.v
Parsing Verilog input from `C:\Users\BRANDO~2\DOWNLO~1\OSS-CA~1\bin\../share/yosys/techmap.v' to AST representation.
Generating RTLIL representation for module `\_90_simplemap_bool_ops'.
Generating RTLIL representation for module `\_90_simplemap_reduce_ops'.
Generating RTLIL representation for module `\_90_simplemap_logic_ops'.
Generating RTLIL representation for module `\_90_simplemap_compare_ops'.
Generating RTLIL representation for module `\_90_simplemap_various'.
Generating RTLIL representation for module `\_90_simplemap_registers'.
Generating RTLIL representation for module `\_90_shift_ops_shr_shl_sshl_sshr'.
Generating RTLIL representation for module `\_90_shift_shiftx'.
Generating RTLIL representation for module `\_90_fa'.
Generating RTLIL representation for module `\_90_lcu'.
Generating RTLIL representation for module `\_90_alu'.
Generating RTLIL representation for module `\_90_macc'.
Generating RTLIL representation for module `\_90_alumacc'.
Generating RTLIL representation for module `\$__div_mod_u'.
Generating RTLIL representation for module `\$__div_mod_trunc'.
Generating RTLIL representation for module `\_90_div'.
Generating RTLIL representation for module `\_90_mod'.
Generating RTLIL representation for module `\$__div_mod_floor'.
Generating RTLIL representation for module `\_90_divfloor'.
Generating RTLIL representation for module `\_90_modfloor'.
Generating RTLIL representation for module `\_90_pow'.
Generating RTLIL representation for module `\_90_pmux'.
Generating RTLIL representation for module `\_90_demux'.
Generating RTLIL representation for module `\_90_lut'.
Successfully finished Verilog frontend.

6.13.2. Executing Verilog-2005 frontend: C:\Users\BRANDO~2\DOWNLO~1\OSS-CA~1\bin\../share/yosys/gowin/arith_map.v
Parsing Verilog input from `C:\Users\BRANDO~2\DOWNLO~1\OSS-CA~1\bin\../share/yosys/gowin/arith_map.v' to AST representation.
Generating RTLIL representation for module `\_80_gw1n_alu'.
Successfully finished Verilog frontend.

6.13.3. Continuing TECHMAP pass.
Using extmapper simplemap for cells of type $xor.
Using extmapper simplemap for cells of type $mux.
Using extmapper simplemap for cells of type $and.
Using extmapper simplemap for cells of type $or.
Using extmapper simplemap for cells of type $not.
No more expansions possible.
<suppressed ~139 debug messages>

6.14. Executing OPT pass (performing simple optimizations).

6.14.1. Executing OPT_EXPR pass (perform const folding).
Optimizing module receptor_top.
<suppressed ~4 debug messages>

6.14.2. Executing OPT_MERGE pass (detect identical cells).
Finding identical cells in module `\receptor_top'.
<suppressed ~21 debug messages>
Removed a total of 7 cells.

6.14.3. Executing OPT_DFF pass (perform DFF optimizations).

6.14.4. Executing OPT_CLEAN pass (remove unused cells and wires).
Finding unused cells or wires in module \receptor_top..
Removed 0 unused cells and 3 unused wires.
<suppressed ~1 debug messages>

6.14.5. Finished fast OPT passes.

6.15. Executing IOPADMAP pass (mapping inputs/outputs to IO-PAD cells).
Mapping port receptor_top.i_pi using IBUF.
Mapping port receptor_top.leds_po using OBUF.
Mapping port receptor_top.seg_po using OBUF.
Mapping port receptor_top.sel_pi using IBUF.

6.16. Executing OPT_CLEAN pass (remove unused cells and wires).
Finding unused cells or wires in module \receptor_top..
Removed 0 unused cells and 4 unused wires.
<suppressed ~1 debug messages>

6.17. Executing DFFLEGALIZE pass (convert FFs to types supported by the target).

6.18. Executing TECHMAP pass (map to technology primitives).

6.18.1. Executing Verilog-2005 frontend: C:\Users\BRANDO~2\DOWNLO~1\OSS-CA~1\bin\../share/yosys/gowin/cells_map.v
Parsing Verilog input from `C:\Users\BRANDO~2\DOWNLO~1\OSS-CA~1\bin\../share/yosys/gowin/cells_map.v' to AST representation.
Generating RTLIL representation for module `\$_DFF_N_'.
Generating RTLIL representation for module `\$_DFF_P_'.
Generating RTLIL representation for module `\$_DFFE_PP_'.
Generating RTLIL representation for module `\$_DFFE_NP_'.
Generating RTLIL representation for module `\$_SDFF_PP0_'.
Generating RTLIL representation for module `\$_SDFF_NP0_'.
Generating RTLIL representation for module `\$_SDFFE_PP0P_'.
Generating RTLIL representation for module `\$_SDFFE_NP0P_'.
Generating RTLIL representation for module `\$_SDFF_PP1_'.
Generating RTLIL representation for module `\$_SDFF_NP1_'.
Generating RTLIL representation for module `\$_SDFFE_PP1P_'.
Generating RTLIL representation for module `\$_SDFFE_NP1P_'.
Generating RTLIL representation for module `\$_DFF_PP1_'.
Generating RTLIL representation for module `\$_DFF_NP1_'.
Generating RTLIL representation for module `\$_DFF_PP0_'.
Generating RTLIL representation for module `\$_DFF_NP0_'.
Generating RTLIL representation for module `\$_DFFE_PP1P_'.
Generating RTLIL representation for module `\$_DFFE_NP1P_'.
Generating RTLIL representation for module `\$_DFFE_PP0P_'.
Generating RTLIL representation for module `\$_DFFE_NP0P_'.
Generating RTLIL representation for module `\$lut'.
Successfully finished Verilog frontend.

6.18.2. Continuing TECHMAP pass.
No more expansions possible.
<suppressed ~23 debug messages>

6.19. Executing OPT_EXPR pass (perform const folding).
Optimizing module receptor_top.

6.20. Executing SIMPLEMAP pass (map simple cells to gate primitives).

6.21. Executing ABC pass (technology mapping using ABC).

6.21.1. Extracting gate netlist of module `\receptor_top' to `<abc-temp-dir>/input.blif'..
Extracted 88 gates and 98 wires to a netlist network with 8 inputs and 11 outputs.

6.21.1.1. Executing ABC.
Running ABC command: "<yosys-exe-dir>/yosys-abc" -s -f <abc-temp-dir>/abc.script 2>&1
ABC: ABC command line: "source <abc-temp-dir>/abc.script".
ABC: 
ABC: + read_blif <abc-temp-dir>/input.blif 
ABC: + read_lut <abc-temp-dir>/lutdefs.txt 
ABC: + strash 
ABC: + &get -n 
ABC: + &fraig -x 
ABC: + &put 
ABC: + scorr 
ABC: Warning: The network is combinational (run "fraig" or "fraig_sweep").
ABC: + dc2 
ABC: + dretime 
ABC: + strash 
ABC: + dch -f 
ABC: + if 
ABC: + mfs2 
ABC: + write_blif <abc-temp-dir>/output.blif 

6.21.1.2. Re-integrating ABC results.
ABC RESULTS:              $lut cells:       11
ABC RESULTS:        internal signals:       79
ABC RESULTS:           input signals:        8
ABC RESULTS:          output signals:       11
Removing temp directory.
Removed 0 unused cells and 63 unused wires.

6.22. Executing TECHMAP pass (map to technology primitives).

6.22.1. Executing Verilog-2005 frontend: C:\Users\BRANDO~2\DOWNLO~1\OSS-CA~1\bin\../share/yosys/gowin/cells_map.v
Parsing Verilog input from `C:\Users\BRANDO~2\DOWNLO~1\OSS-CA~1\bin\../share/yosys/gowin/cells_map.v' to AST representation.
Generating RTLIL representation for module `\$_DFF_N_'.
Generating RTLIL representation for module `\$_DFF_P_'.
Generating RTLIL representation for module `\$_DFFE_PP_'.
Generating RTLIL representation for module `\$_DFFE_NP_'.
Generating RTLIL representation for module `\$_SDFF_PP0_'.
Generating RTLIL representation for module `\$_SDFF_NP0_'.
Generating RTLIL representation for module `\$_SDFFE_PP0P_'.
Generating RTLIL representation for module `\$_SDFFE_NP0P_'.
Generating RTLIL representation for module `\$_SDFF_PP1_'.
Generating RTLIL representation for module `\$_SDFF_NP1_'.
Generating RTLIL representation for module `\$_SDFFE_PP1P_'.
Generating RTLIL representation for module `\$_SDFFE_NP1P_'.
Generating RTLIL representation for module `\$_DFF_PP1_'.
Generating RTLIL representation for module `\$_DFF_NP1_'.
Generating RTLIL representation for module `\$_DFF_PP0_'.
Generating RTLIL representation for module `\$_DFF_NP0_'.
Generating RTLIL representation for module `\$_DFFE_PP1P_'.
Generating RTLIL representation for module `\$_DFFE_NP1P_'.
Generating RTLIL representation for module `\$_DFFE_PP0P_'.
Generating RTLIL representation for module `\$_DFFE_NP0P_'.
Generating RTLIL representation for module `\$lut'.
Successfully finished Verilog frontend.

6.22.2. Continuing TECHMAP pass.
Using template $paramod$7893e881e8c10fb996a3172baa399dbc2fcbdf99\$lut for cells of type $lut.
Using template $paramod$41fc2de76bb11aa9bdbc0da461d53d6111752d10\$lut for cells of type $lut.
Using template $paramod$03ac35fbd7468aa557e230c9f95d75928c348df5\$lut for cells of type $lut.
Using template $paramod$6842d6e033b2c260712963d62f9a407d8869769d\$lut for cells of type $lut.
Using template $paramod$184ddcae4448458ee9e081e5c0f261d9cec68f58\$lut for cells of type $lut.
Using template $paramod$f1ac7175ab283fee988055eb8910f76ef1e40ef9\$lut for cells of type $lut.
Using template $paramod$76ec0015fc7294724f11e3b15932c2821af07848\$lut for cells of type $lut.
Using template $paramod$90cc6cc3b28a4354f86311b4f4310fac967839b6\$lut for cells of type $lut.
Using template $paramod$98ca578306373b0db921beb1c04174a5c87dc4dd\$lut for cells of type $lut.
Using template $paramod$fb49b02ec93ba7ef60b6a8b8e26cd8a82e1e7bf8\$lut for cells of type $lut.
Using template $paramod$97fa4b6e376c4422d307c1771baff9debc71ba39\$lut for cells of type $lut.
Using template $paramod$f2d805a512fbb9e83c8c857a0c530284dfaf0123\$lut for cells of type $lut.
Using template $paramod$b783c7bc30c9e72d45c4107d60855935014aca1b\$lut for cells of type $lut.
Using template $paramod$b4ca58fde1830dbba66a084ffa1d6933e0c086ea\$lut for cells of type $lut.
Using template $paramod$a65eac3b7a4b59d6bcf3419a909d0fbfb8c558f5\$lut for cells of type $lut.
Using template $paramod$9c71e79d2e70b042fc4fda185a9ba9783cff236c\$lut for cells of type $lut.
Using template $paramod$a979f9c59d01fd989fa84e287dd8dfe88e593fef\$lut for cells of type $lut.
Using template $paramod$819f55c5d5ad4bd031702e5704f6f10bf97c482f\$lut for cells of type $lut.
Using template $paramod$4e39606fb756be330c25487eb18e2a5c295cc55d\$lut for cells of type $lut.
Using template $paramod$4a8ff36c148f5fadf5c334b78b1436c0edf2e393\$lut for cells of type $lut.
Using template $paramod$f7adc9aaf7583579c57a9605592714acc0bfd66b\$lut for cells of type $lut.
Using template $paramod$1c73f5cd011145c65ab0d13453a736c3b260291a\$lut for cells of type $lut.
Using template $paramod$277be64f48fb7687e1590df6b247374ed3d470cb\$lut for cells of type $lut.
Using template $paramod$bb67176083fdae78b8d1027449a7ef68283f0bff\$lut for cells of type $lut.
Using template $paramod$d0e521dadc342239361028a6a9fe8d365edbfdc6\$lut for cells of type $lut.
Using template $paramod$e3790c26decf5e1542efa42cd2f0d07b510e4dcc\$lut for cells of type $lut.
Using template $paramod$178779da87c71182a299ab3f050ddb1990583262\$lut for cells of type $lut.
Using template $paramod$46c45f967b265140d0388e73c7b57976d7b2879c\$lut for cells of type $lut.
Using template $paramod$df2a183388b4d9c2ed35c5ba0fea634d5b9f6bb3\$lut for cells of type $lut.
Using template $paramod$5d66f7b8054e8623151c7656a190ba31be3515f8\$lut for cells of type $lut.
Using template $paramod$32c17a170dcf2fddf06925b52d96bde4490ff0d9\$lut for cells of type $lut.
Using template $paramod$85fe783f74554f7b39d861fc7676be8ba31d543d\$lut for cells of type $lut.
Using template $paramod$1b18f61cbea98844209830cb299d679ce3a2cce1\$lut for cells of type $lut.
Using template $paramod$c83134150d3ac2d89c30a21f7542364dd2e01b1f\$lut for cells of type $lut.
Using template $paramod$b6aac01e04514008b77ff109fb295a985ea69640\$lut for cells of type $lut.
Using template $paramod$a963d5e467c586c785fae71a61c89c3dded32531\$lut for cells of type $lut.
Using template $paramod$a21cbea4981e8c6f3d1df5fda4c0a63011ce114a\$lut for cells of type $lut.
Using template $paramod$28ef71b6e4619f20863f58a94ac5cafae35b1ecc\$lut for cells of type $lut.
Using template $paramod$209e0cc16b21252f9fb2de65173e85cfdf51e9c4\$lut for cells of type $lut.
Using template $paramod$192ca912cb9b7d7a87505f9b6c94ffbc29825287\$lut for cells of type $lut.
Using template $paramod$96336f57063a95f980e1eb2574b3a43a15069b94\$lut for cells of type $lut.
Using template $paramod$136a0b6e31d7c80cef36ef94373d26cbb2fb63ad\$lut for cells of type $lut.
Using template $paramod$be15b0927cb6e870ccfacac729af7a3a1ae6bc9b\$lut for cells of type $lut.
Using template $paramod$fb5663b8062c27b31a39740f564e5670d5c20f86\$lut for cells of type $lut.
Using template $paramod$ca5f662a601cee793eede8ea474ed585bab096ae\$lut for cells of type $lut.
Using template $paramod$39b4fd12fd06458d332ab9277a6e72efbfb32afd\$lut for cells of type $lut.
Using template $paramod$5d84dadd87b9c08c74767966dfe53c96abef9d19\$lut for cells of type $lut.
Using template $paramod$ade6a81fdd5c5f2c60776c830c7f0376091761fe\$lut for cells of type $lut.
Using template $paramod$2d7e1358211d2e5600e53deb52a4411df095df75\$lut for cells of type $lut.
Using template $paramod$2918c6574f259b228177e05f01889fc3a2357428\$lut for cells of type $lut.
Using template $paramod$762084ae0166d4979edce73aff440d1935809d5a\$lut for cells of type $lut.
Using template $paramod$0c402a95473b0e851a789fe80e52d1173b29cd76\$lut for cells of type $lut.
Using template $paramod$10fff5cadfaf40b90c4df496f6876dcbb052e449\$lut for cells of type $lut.
Using template $paramod$edb1cf94ee4aa3ff3aaeeff223cd2ade225b8822\$lut for cells of type $lut.
Using template $paramod$86dda8f4883811aa6e63882a2adbb3775926e54c\$lut for cells of type $lut.
Using template $paramod$95b97f2b0db4796cfdff409983d9b11d21185fda\$lut for cells of type $lut.
Using template $paramod$c16cf99510f7a01c0985aa604482c34ab07b2d91\$lut for cells of type $lut.
Using template $paramod$084799870ec4e7b2a6ca787c25c9e8dfb8e9e9ef\$lut for cells of type $lut.
Using template $paramod$210452bebe0fbfee3a00afae26cf8f77cbc2d619\$lut for cells of type $lut.
Using template $paramod$3c67eb29df68eb397f397f150279748fd56f5f81\$lut for cells of type $lut.
Using template $paramod$f834b3af4933353c8ec11e7408d8b3a295a2386f\$lut for cells of type $lut.
Using template $paramod$dd06dd2a1ea04cc8f185ce91e5678ef047b18b32\$lut for cells of type $lut.
Using template $paramod$88a7489b37814cb24949cf59cfb5fe68c7ba3b2c\$lut for cells of type $lut.
Using template $paramod$55efa5f9627caf4746baba9d9dc703fa05e6c955\$lut for cells of type $lut.
Using template $paramod$445adf842df190194efb08513d03abda3983ddc5\$lut for cells of type $lut.
Using template $paramod$65a22fbb0a98334dda8d08651ca49396be16d449\$lut for cells of type $lut.
Using template $paramod$e2616bb6f7edae157f74160ca947213e5a15a9ad\$lut for cells of type $lut.
Using template $paramod$8712cf3ee7bdf75424a4163815091aefc631bbaa\$lut for cells of type $lut.
Using template $paramod$2babead628ba52b43fd0f3e6f984194a96e47cf7\$lut for cells of type $lut.
Using template $paramod$4fb2ec0a5a3e3c6632112a53e41664ed8071b531\$lut for cells of type $lut.
Using template $paramod$ab1c76328c70ef5ba2b0cd3abb6d20845294fcc0\$lut for cells of type $lut.
Using template $paramod$33ea93526ff453d08725de16526dbcb12a550312\$lut for cells of type $lut.
Using template $paramod$31b136cc3a84c967e41b4465d832f8c99fad2ae6\$lut for cells of type $lut.
Using template $paramod$14b7f14bd7fe51a36e946b9f06137b8dd3a3aa29\$lut for cells of type $lut.
Using template $paramod$d7558ec6cace7fc763ba513e1daa7113902ae1e1\$lut for cells of type $lut.
Using template $paramod$83ee43e4858de07ff1af20104ae59f7e0632217e\$lut for cells of type $lut.
Using template $paramod$01624ba2644e45bd75e7398fcdbe6c4b1e63f12c\$lut for cells of type $lut.
Using template $paramod$5954b111e10b56ce44ee2d2ae5e6a1ac3291b7f8\$lut for cells of type $lut.
Using template $paramod$f2c748c5359a1ae67c4a2ed2866932fc6af47463\$lut for cells of type $lut.
Using template $paramod$753cde7ff8aa996f4ce7cb81eb6132c1c9e36dc8\$lut for cells of type $lut.
Using template $paramod$f4ac19116d49a36c4f51cef8064442f4d66caa52\$lut for cells of type $lut.
Using template $paramod$afa036fb243f6725a2637e81ab3fca4ee060e531\$lut for cells of type $lut.
Using template $paramod$91fa8876240384f36b25c4dd20a8a9efd9e47bf5\$lut for cells of type $lut.
Using template $paramod$f75506035a3871f39a6015cf5f35a34fcf88f738\$lut for cells of type $lut.
Using template $paramod$e2cd47eb14933dfe43f07a006ae6d122ecada6ff\$lut for cells of type $lut.
Using template $paramod$bb97a46157ba109f5073d120fabaf228c10e825f\$lut for cells of type $lut.
Using template $paramod$e0f3158a0fefc128ea106a3dc6b30320627fc84b\$lut for cells of type $lut.
Using template $paramod$3a3a5bd4eb9a8222980a44a6e968980803d55721\$lut for cells of type $lut.
Using template $paramod$4222f0df5502bd14a13452b8353010c006010794\$lut for cells of type $lut.
Using template $paramod$7ff851425a709da503ebf950a37a8fe716bce91a\$lut for cells of type $lut.
Using template $paramod$2f3e9522bd54199cadc1e2b1e59b485daaf417d2\$lut for cells of type $lut.
Using template $paramod$90b26ce0212ce941568fa2ecd619ef808c8e07a7\$lut for cells of type $lut.
Using template $paramod$c8a1e4c7769a6e576b863defd26e4af8bb2a751a\$lut for cells of type $lut.
Using template $paramod$e277955efc73d182ed0a6322bb4d813839babcfd\$lut for cells of type $lut.
Using template $paramod$746450bfdb1a1d542b1429a6a40e2ddecf71040a\$lut for cells of type $lut.
Using template $paramod$097e90633b99096d8e666ed5e1edffaceae0267d\$lut for cells of type $lut.
Using template $paramod$0beed5f2ce2c89cfacee70a835ca8c9c1f0ce123\$lut for cells of type $lut.
Using template $paramod$9cf371918963f8df33c99d942b0c113d5f549d93\$lut for cells of type $lut.
Using template $paramod$8e38ca3a4f62d39111a60bdd01d410401ab1afeb\$lut for cells of type $lut.
Using template $paramod$87e1c0b314f756414bcf42a21f4f06b1c30737cb\$lut for cells of type $lut.
Using template $paramod$6e137e2f83df9600c4cc205373e2200ebfba657f\$lut for cells of type $lut.
Using template $paramod$d790b7b7c7b6ba19c2e02cb1adb2ec760279576f\$lut for cells of type $lut.
Using template $paramod$4a0c2c2e2691d2d32be52234fc20ff2e049c59ea\$lut for cells of type $lut.
Using template $paramod$e09df6b17e8da7104480aadb18edd88e65177aa2\$lut for cells of type $lut.
Using template $paramod$527c35d60a9e4e8d45c61dfb29367b59b597af6f\$lut for cells of type $lut.
Using template $paramod$3545bd2a91cfb9a489a00307417ec51a92ea2689\$lut for cells of type $lut.
Using template $paramod$fdf1d1874c6ad3c865e72fd59983bf0fb8d5bd76\$lut for cells of type $lut.
Using template $paramod$ce9010c0b4abb2519e70c0b8cc5dfaa51d12ed33\$lut for cells of type $lut.
Using template $paramod$accb9ae962711a8f844d97fb1bbcf399b5162c22\$lut for cells of type $lut.
Using template $paramod$f5266b7e7cae31d1d6d8ff1e61d3985d0041e84d\$lut for cells of type $lut.
Using template $paramod$d86f778359b8af7a4dbcef1c138d47fc7fc9bc05\$lut for cells of type $lut.
Using template $paramod$8e53aa72b144096aee37705430b729f6d9a902f3\$lut for cells of type $lut.
Using template $paramod$bed1e12e783c8a5c13e2635cf4894cdc6f21f71b\$lut for cells of type $lut.
Using template $paramod$ee9dd09616d68e327debf12734204c5378c29e79\$lut for cells of type $lut.
Using template $paramod$11d2437bb672fb9b519ce15042f5f9ec3baad2a3\$lut for cells of type $lut.
Using template $paramod$dc9c8a1f7767a46740be5a02e43e553aa986165c\$lut for cells of type $lut.
Using template $paramod$a6778d3ebda3fc9eade9dea6cff68f655d1a3bfd\$lut for cells of type $lut.
Using template $paramod$ca20f6399a2f869626866d62beb08549fb5b5638\$lut for cells of type $lut.
Using template $paramod$f13835b8fb0e1ac6a358482572b2a0ab88d62930\$lut for cells of type $lut.
Using template $paramod$951fc3169567912a3e0303520d5c9718422777c1\$lut for cells of type $lut.
Using template $paramod$3fef4c624e739b718ae68062895cbb4ea4c0158a\$lut for cells of type $lut.
Using template $paramod$751557507a0434e4449539fc49a090bdb1dd5748\$lut for cells of type $lut.
Using template $paramod$f885efa0833212f74cc96f6521d4489f553a80ab\$lut for cells of type $lut.
Using template $paramod$715d57d8eb930155abe9f637eb005c4c2a5a807a\$lut for cells of type $lut.
Using template $paramod$6f9827229ba1e82692b307f189d86b19590ca084\$lut for cells of type $lut.
Using template $paramod$0279c884dd2089d7f983f904acd35f7f0651ec65\$lut for cells of type $lut.
Using template $paramod$a9f7e172d2e0ec8f403ad4decebd4482271c24c3\$lut for cells of type $lut.
Using template $paramod$6d6f25506fed9bc7a97b14331c19abad6c025e9f\$lut for cells of type $lut.
Using template $paramod$f7dd0db1bd9b42faa903b667781425f59dd407ba\$lut for cells of type $lut.
Using template $paramod$0a145cdb670c64737959910a9d48706d3831a8fb\$lut for cells of type $lut.
Using template $paramod$b20867b99265c4e9db9280d38da1243ee39d63b7\$lut for cells of type $lut.
Using template $paramod$4de69cf662fece9be0481e82338180492106fa94\$lut for cells of type $lut.
Using template $paramod$e47b75fa0fe34a29be923dec4e27e2ac92e7f6b1\$lut for cells of type $lut.
Using template $paramod$e0f3fcac9c7bc39414d0e39da2f8263916ca2212\$lut for cells of type $lut.
Using template $paramod$aff766d51bfd6300c845683283a4e6e3ffed8b12\$lut for cells of type $lut.
Using template $paramod$b5598506ee5aa41ed3da2ad6c477e74e8fbebd3c\$lut for cells of type $lut.
Using template $paramod$29b96a20298e29c00978014c26898189577130e4\$lut for cells of type $lut.
Using template $paramod$e34c2988e28b1cae41bf083e81154c7a75b39b74\$lut for cells of type $lut.
Using template $paramod$76fab1a38138764359bfaaaccd7d53e7b4f030bc\$lut for cells of type $lut.
Using template $paramod$5d47efe0cbfa6399b236ccb9fb41fee6f4c2ddad\$lut for cells of type $lut.
Using template $paramod$55f0bb848867cb3458c741c1afe1f428d81daa53\$lut for cells of type $lut.
Using template $paramod$5cb1f08c9cabc237bd5d5a6450f39a3ea940fdad\$lut for cells of type $lut.
Using template $paramod$6fc834834569ef7b743b37176d2a48715f0835bc\$lut for cells of type $lut.
Using template $paramod$06aae64031de211eec692790002a44dbe2cd5a92\$lut for cells of type $lut.
Using template $paramod$e88fd4964a1fec2c840276119a37af8117100980\$lut for cells of type $lut.
Using template $paramod$6fbb1cc4ffe8ce24c4a0eb9378170e901c41a4e0\$lut for cells of type $lut.
Using template $paramod$63a44105fef6d309180bbf2bff30861cb17bfa80\$lut for cells of type $lut.
Using template $paramod$6206cef6610eb8f247709e63de5fe0701ca21d3e\$lut for cells of type $lut.
Using template $paramod$6c324f274cc55723981ff93567f8f06ed63bcee3\$lut for cells of type $lut.
Using template $paramod$bd668ddd35f930e158f20f91b626fa8cb1dde6f4\$lut for cells of type $lut.
Using template $paramod$98e1cc699f460c9735dd0511ed7f3b5cf0875f85\$lut for cells of type $lut.
Using template $paramod$0e260069e49b8e1876726772fa3f2c1dc6b392c7\$lut for cells of type $lut.
Using template $paramod$9952880320aeb5f83c6505b9bb44b8340dd77f21\$lut for cells of type $lut.
Using template $paramod$db0d6afd5507e8955a5347c8efb02feede19f2b4\$lut for cells of type $lut.
Using template $paramod$f12f5c320f33b032a5d8e9643b181e1c187aab62\$lut for cells of type $lut.
Using template $paramod$ffe8a83859bf4edaff1ac3885e2c4ea8b1605c53\$lut for cells of type $lut.
Using template $paramod$20334968c4163b09229681dc7bcab6b1f26875d6\$lut for cells of type $lut.
Using template $paramod$246fb35390ac90246e383d5d816fd8d5a9a26993\$lut for cells of type $lut.
Using template $paramod$393cce17ffba23dd1d3db7d06b401b68da6b7b86\$lut for cells of type $lut.
Using template $paramod$7f481a2274c1b400dd6a231ef92242e589194bb6\$lut for cells of type $lut.
Using template $paramod$f2a067ff5648f9deefd344cf7ea25091b32f5a9f\$lut for cells of type $lut.
Using template $paramod$56d92330330f27c0c466f65ccd1b25053fc11a53\$lut for cells of type $lut.
Using template $paramod$6e8aefffd5bd80106db22960c293ae95f35ed8aa\$lut for cells of type $lut.
Using template $paramod$2af68e39b74d566ecfa36f632a5121790a2cf51c\$lut for cells of type $lut.
Using template $paramod$199e2ef687f0f2cbb39a5697942d8f0eb336a4b7\$lut for cells of type $lut.
Using template $paramod$6fa92099d7036a952080e0b02bda85ab3cb1d6d0\$lut for cells of type $lut.
Using template $paramod$39e8021fb5a718cbb55d644136c093a9df271698\$lut for cells of type $lut.
Using template $paramod$8769fe47612677382e0bc583598d3b922889f57c\$lut for cells of type $lut.
Using template $paramod$3751824aa15d879b13738f8fa603251a85c52773\$lut for cells of type $lut.
Using template $paramod$eef7041290e737348f24566426a8ae61c30ff7b4\$lut for cells of type $lut.
Using template $paramod$bd19b5e8c3c4271fb24272c67ae7fde610eb66d5\$lut for cells of type $lut.
Using template $paramod$9bc54cc7684e11cfb3f6faa5ce5079ee8dd0b0d7\$lut for cells of type $lut.
Using template $paramod$3448b51959f39ae36afca24ec0b466a99b1272ff\$lut for cells of type $lut.
Using template $paramod$37c0404115be41ac12abcc3b5f15e2d5dc468b10\$lut for cells of type $lut.
Using template $paramod$67780ed7f8e79bcbbed9107913ef66730ae31a9b\$lut for cells of type $lut.
Using template $paramod$14672a0c0bf57d504a958d6cd17a29203ebe7ad1\$lut for cells of type $lut.
Using template $paramod$8fe1172215970c5cfaa06557ac89463d76ef7f31\$lut for cells of type $lut.
Using template $paramod$43acadf7eb17dd9c8abc02eb81cf1b0b9cc0c3ee\$lut for cells of type $lut.
Using template $paramod$dc08988463fd8b4a05a3385fe0f41970a7c4aafe\$lut for cells of type $lut.
Using template $paramod$cb9389d3bcc7824cbc8eb11c8ac4986b2acbae18\$lut for cells of type $lut.
Using template $paramod$d2074003469e6f41b40b4fb738bafc0f614954ec\$lut for cells of type $lut.
Using template $paramod$4518d24fec38775f282096f22ad6cfb50f51384f\$lut for cells of type $lut.
Using template $paramod$58d806574f32fa08aa8bdb1774a536a883d3bd28\$lut for cells of type $lut.
Using template $paramod$5ecac0a4c46102ced9218c4e871960a84e3675ea\$lut for cells of type $lut.
Using template $paramod$dae11138f2d1c05e7ffe7602df3acc8f89402a14\$lut for cells of type $lut.
Using template $paramod$05ebf658742d14dfede2ef28f3010a9f1bc37c2d\$lut for cells of type $lut.
Using template $paramod$00f2e789f5685ced520788c6d0b4180f651bc80a\$lut for cells of type $lut.
Using template $paramod$3a880753851d200348d1346848052e30e354289b\$lut for cells of type $lut.
Using template $paramod$baf5ff64ff7ec740dbc1ed875f9f7ac51606b767\$lut for cells of type $lut.
Using template $paramod$23ef820f9b31db694c56af74d8e88dca8fa6251e\$lut for cells of type $lut.
Using template $paramod$263c8e3292db7d6c6c22be1f8bc4579ee76ed3a8\$lut for cells of type $lut.
Using template $paramod$ec48d378db82c3446ceb0b85892c84cc6272af85\$lut for cells of type $lut.
Using template $paramod$a5083cf4af367e9b85f19fae17d1d9b7a50ff151\$lut for cells of type $lut.
Using template $paramod$e06aca2c3da5a84806c33147bf96f7a91a6f3a99\$lut for cells of type $lut.
Using template $paramod$b55459bdda86b6371f2320966beed1cdfc6773ae\$lut for cells of type $lut.
Using template $paramod$7095c3e6a0bbe1484a447626e3d1ab586826a2fd\$lut for cells of type $lut.
Using template $paramod$52a67d60da0737334df96cf2705899a605e892ff\$lut for cells of type $lut.
Using template $paramod$b78b1651e70b650560d8ceeb382340aab58ba8da\$lut for cells of type $lut.
Using template $paramod$96297dc76923a7ffb019dd6ca54250a1ac6cfdbb\$lut for cells of type $lut.
Using template $paramod$0a9b840a88e1220a76162848d33617ad783a63b9\$lut for cells of type $lut.
Using template $paramod$bffa98d04b58a12bc74cf41e922a4b162e56ac7e\$lut for cells of type $lut.
Using template $paramod$7965553b5efd743014f117bc0c5bf3c5c5e2e8af\$lut for cells of type $lut.
Using template $paramod$26f17f876bd71bc5e011925d1467f91fb7fe6f9c\$lut for cells of type $lut.
Using template $paramod$16c0cdae787834c4c36eb3cd833ecb90bd4b526c\$lut for cells of type $lut.
Using template $paramod$d06aed53455c7fa450c4c24c40593782234c6c04\$lut for cells of type $lut.
Using template $paramod$b986d3ad8f560f0216162986a81ba2e70a2cfa93\$lut for cells of type $lut.
Using template $paramod$a613b9fef3cc9774cac6b23709fb15a5abfb223a\$lut for cells of type $lut.
Using template $paramod$03efe8a46762602f4a1198ee91ef224010c247af\$lut for cells of type $lut.
Using template $paramod$bfd5b6b97c4678db99df448e9bc323396f713133\$lut for cells of type $lut.
Using template $paramod$2938cd0ffe3aaa209d4d48a957353047558f8b1d\$lut for cells of type $lut.
Using template $paramod$e9e9f31eeb53e5de1e9a422ef677aa629d3e0943\$lut for cells of type $lut.
Using template $paramod$16827907f4d0d39b2936bb0e0c870a4740c1deb1\$lut for cells of type $lut.
Using template $paramod$d40e6f4cf7364ea2f29e250036b4e773f2ee42c8\$lut for cells of type $lut.
Using template $paramod$85827e4a5a94ef5c4bfd55a8466a4c91329829a8\$lut for cells of type $lut.
Using template $paramod$3b9cfadf60b25bf2a07f5baa2148fadcdce84535\$lut for cells of type $lut.
Using template $paramod$e1d8dec36525663f847c102caaf9c67d785395b9\$lut for cells of type $lut.
Using template $paramod$d477f59368dd3d5f1ead0a22bcc914be43036c8a\$lut for cells of type $lut.
Using template $paramod$09f31f045feafbcd41e3520335a90f76fdd6ccec\$lut for cells of type $lut.
Using template $paramod$8e051c48f0d9546231a152b4447ae02eeb656c34\$lut for cells of type $lut.
Using template $paramod$372a3abfc10dcbfdb1e5141b082aec9fe79ab1ce\$lut for cells of type $lut.
Using template $paramod$cc8889c68082c1b24f82e7ab347e35e2d8a1e91b\$lut for cells of type $lut.
Using template $paramod$5a4a704bc640fef1189ae0eda5d971c18b202d3e\$lut for cells of type $lut.
Using template $paramod$5bead8c747723bbec3b073ebae7708b235562483\$lut for cells of type $lut.
Using template $paramod$fa9fa3225d9bc1f5dcd48213e5b75e03f117895a\$lut for cells of type $lut.
Using template $paramod$33c27f63052ff846fc13cbc40e01adb74454a8b3\$lut for cells of type $lut.
Using template $paramod$66824ec8f779af9fea7d2dc219f8c8e306d5b1f8\$lut for cells of type $lut.
Using template $paramod$51473d2edaaf67d37b0ede6edf3aaa512cc9cd20\$lut for cells of type $lut.
Using template $paramod$f60d7b477c8570eef5be0f9250dd467ad16edfb1\$lut for cells of type $lut.
Using template $paramod$c33b1047cd0b6effc9e7c98f18c84a842874a68d\$lut for cells of type $lut.
Using template $paramod$bea592752d3d48f67e3cd1a07a060a744c640776\$lut for cells of type $lut.
Using template $paramod$aba4943fe6d5a668b61b7c515369cee192bc063c\$lut for cells of type $lut.
Using template $paramod$41ad54b63163af18e7ffa46027eccc23b5642535\$lut for cells of type $lut.
Using template $paramod$33262ce4913dc615c8b1f616cdb6e809cf8d5eda\$lut for cells of type $lut.
Using template $paramod$770c7a2c06f4ab13eba58a3f81366f919fa378d6\$lut for cells of type $lut.
Using template $paramod$17d29f6a786255ed066e82ec0407c2348bdd8af0\$lut for cells of type $lut.
No more expansions possible.
<suppressed ~3355 debug messages>

6.23. Executing OPT_LUT_INS pass (discard unused LUT inputs).
Optimizing LUTs in receptor_top.
  Optimizing lut $abc$859$auto$blifparse.cc:525:parse_blif$861.genblk1.genblk1.genblk1.genblk1.genblk1.genblk1.genblk1.genblk1.lut1.genblk1.genblk1.genblk1.genblk1.genblk1.genblk1.genblk1.lut1.genblk1.genblk1.genblk1.genblk1.genblk1.genblk1.lut0.genblk1.genblk1.genblk1.genblk1.genblk1.lut0 (4 -> 3)
  Optimizing lut $abc$859$auto$blifparse.cc:525:parse_blif$861.genblk1.genblk1.genblk1.genblk1.genblk1.genblk1.genblk1.genblk1.lut1.genblk1.genblk1.genblk1.genblk1.genblk1.genblk1.genblk1.lut1.genblk1.genblk1.genblk1.genblk1.genblk1.genblk1.lut1.genblk1.genblk1.genblk1.genblk1.genblk1.lut0 (4 -> 3)
  Optimizing lut $abc$859$auto$blifparse.cc:525:parse_blif$861.genblk1.genblk1.genblk1.genblk1.genblk1.genblk1.genblk1.genblk1.lut1.genblk1.genblk1.genblk1.genblk1.genblk1.genblk1.genblk1.lut0.genblk1.genblk1.genblk1.genblk1.genblk1.genblk1.lut0.genblk1.genblk1.genblk1.genblk1.genblk1.lut0 (4 -> 3)
  Optimizing lut $abc$859$auto$blifparse.cc:525:parse_blif$861.genblk1.genblk1.genblk1.genblk1.genblk1.genblk1.genblk1.genblk1.lut1.genblk1.genblk1.genblk1.genblk1.genblk1.genblk1.genblk1.lut0.genblk1.genblk1.genblk1.genblk1.genblk1.genblk1.lut1.genblk1.genblk1.genblk1.genblk1.genblk1.lut0 (4 -> 3)
  Optimizing lut $abc$859$auto$blifparse.cc:525:parse_blif$861.genblk1.genblk1.genblk1.genblk1.genblk1.genblk1.genblk1.genblk1.lut0.genblk1.genblk1.genblk1.genblk1.genblk1.genblk1.genblk1.lut1.genblk1.genblk1.genblk1.genblk1.genblk1.genblk1.lut1.genblk1.genblk1.genblk1.genblk1.genblk1.lut0 (4 -> 3)
  Optimizing lut $abc$859$auto$blifparse.cc:525:parse_blif$861.genblk1.genblk1.genblk1.genblk1.genblk1.genblk1.genblk1.genblk1.lut0.genblk1.genblk1.genblk1.genblk1.genblk1.genblk1.genblk1.lut0.genblk1.genblk1.genblk1.genblk1.genblk1.genblk1.lut1.genblk1.genblk1.genblk1.genblk1.genblk1.lut0 (4 -> 3)
  Optimizing lut $abc$859$auto$blifparse.cc:525:parse_blif$860.genblk1.genblk1.genblk1.genblk1.genblk1.genblk1.genblk1.genblk1.lut1.genblk1.genblk1.genblk1.genblk1.genblk1.genblk1.genblk1.lut0.genblk1.genblk1.genblk1.genblk1.genblk1.genblk1.lut1.genblk1.genblk1.genblk1.genblk1.genblk1.lut1 (4 -> 3)
  Optimizing lut $abc$859$auto$blifparse.cc:525:parse_blif$861.genblk1.genblk1.genblk1.genblk1.genblk1.genblk1.genblk1.genblk1.lut1.genblk1.genblk1.genblk1.genblk1.genblk1.genblk1.genblk1.lut1.genblk1.genblk1.genblk1.genblk1.genblk1.genblk1.lut1.genblk1.genblk1.genblk1.genblk1.genblk1.lut1 (4 -> 3)
  Optimizing lut $abc$859$auto$blifparse.cc:525:parse_blif$861.genblk1.genblk1.genblk1.genblk1.genblk1.genblk1.genblk1.genblk1.lut1.genblk1.genblk1.genblk1.genblk1.genblk1.genblk1.genblk1.lut0.genblk1.genblk1.genblk1.genblk1.genblk1.genblk1.lut1.genblk1.genblk1.genblk1.genblk1.genblk1.lut1 (4 -> 3)
  Optimizing lut $abc$859$auto$blifparse.cc:525:parse_blif$860.genblk1.genblk1.genblk1.genblk1.genblk1.genblk1.genblk1.genblk1.lut0.genblk1.genblk1.genblk1.genblk1.genblk1.genblk1.genblk1.lut0.genblk1.genblk1.genblk1.genblk1.genblk1.genblk1.lut1.genblk1.genblk1.genblk1.genblk1.genblk1.lut1 (4 -> 3)
  Optimizing lut $abc$859$auto$blifparse.cc:525:parse_blif$860.genblk1.genblk1.genblk1.genblk1.genblk1.genblk1.genblk1.genblk1.lut0.genblk1.genblk1.genblk1.genblk1.genblk1.genblk1.genblk1.lut1.genblk1.genblk1.genblk1.genblk1.genblk1.genblk1.lut1.genblk1.genblk1.genblk1.genblk1.genblk1.lut1 (4 -> 3)
  Optimizing lut $abc$859$auto$blifparse.cc:525:parse_blif$862.genblk1.genblk1.genblk1.genblk1.genblk1.genblk1.genblk1.genblk1.lut0.genblk1.genblk1.genblk1.genblk1.genblk1.genblk1.genblk1.lut1.genblk1.genblk1.genblk1.genblk1.genblk1.genblk1.lut1.genblk1.genblk1.genblk1.genblk1.genblk1.lut1 (4 -> 3)
  Optimizing lut $abc$859$auto$blifparse.cc:525:parse_blif$860.genblk1.genblk1.genblk1.genblk1.genblk1.genblk1.genblk1.genblk1.lut1.genblk1.genblk1.genblk1.genblk1.genblk1.genblk1.genblk1.lut1.genblk1.genblk1.genblk1.genblk1.genblk1.genblk1.lut1.genblk1.genblk1.genblk1.genblk1.genblk1.lut1 (4 -> 3)
  Optimizing lut $abc$859$auto$blifparse.cc:525:parse_blif$860.genblk1.genblk1.genblk1.genblk1.genblk1.genblk1.genblk1.genblk1.lut0.genblk1.genblk1.genblk1.genblk1.genblk1.genblk1.genblk1.lut1.genblk1.genblk1.genblk1.genblk1.genblk1.genblk1.lut0.genblk1.genblk1.genblk1.genblk1.genblk1.lut1 (4 -> 3)
  Optimizing lut $abc$859$auto$blifparse.cc:525:parse_blif$861.genblk1.genblk1.genblk1.genblk1.genblk1.genblk1.genblk1.genblk1.lut1.genblk1.genblk1.genblk1.genblk1.genblk1.genblk1.genblk1.lut1.genblk1.genblk1.genblk1.genblk1.genblk1.genblk1.lut0.genblk1.genblk1.genblk1.genblk1.genblk1.lut1 (4 -> 3)
  Optimizing lut $abc$859$auto$blifparse.cc:525:parse_blif$860.genblk1.genblk1.genblk1.genblk1.genblk1.genblk1.genblk1.genblk1.lut1.genblk1.genblk1.genblk1.genblk1.genblk1.genblk1.genblk1.lut1.genblk1.genblk1.genblk1.genblk1.genblk1.genblk1.lut0.genblk1.genblk1.genblk1.genblk1.genblk1.lut1 (4 -> 3)
  Optimizing lut $abc$859$auto$blifparse.cc:525:parse_blif$860.genblk1.genblk1.genblk1.genblk1.genblk1.genblk1.genblk1.genblk1.lut1.genblk1.genblk1.genblk1.genblk1.genblk1.genblk1.genblk1.lut0.genblk1.genblk1.genblk1.genblk1.genblk1.genblk1.lut0.genblk1.genblk1.genblk1.genblk1.genblk1.lut1 (4 -> 3)
  Optimizing lut $abc$859$auto$blifparse.cc:525:parse_blif$861.genblk1.genblk1.genblk1.genblk1.genblk1.genblk1.genblk1.genblk1.lut1.genblk1.genblk1.genblk1.genblk1.genblk1.genblk1.genblk1.lut0.genblk1.genblk1.genblk1.genblk1.genblk1.genblk1.lut0.genblk1.genblk1.genblk1.genblk1.genblk1.lut1 (4 -> 3)
  Optimizing lut $abc$859$auto$blifparse.cc:525:parse_blif$860.genblk1.genblk1.genblk1.genblk1.genblk1.genblk1.genblk1.genblk1.lut0.genblk1.genblk1.genblk1.genblk1.genblk1.genblk1.genblk1.lut0.genblk1.genblk1.genblk1.genblk1.genblk1.genblk1.lut0.genblk1.genblk1.genblk1.genblk1.genblk1.lut1 (4 -> 3)
  Optimizing lut $abc$859$auto$blifparse.cc:525:parse_blif$862.genblk1.genblk1.genblk1.genblk1.genblk1.genblk1.genblk1.genblk1.lut0.genblk1.genblk1.genblk1.genblk1.genblk1.genblk1.genblk1.lut0.genblk1.genblk1.genblk1.genblk1.genblk1.genblk1.lut0.genblk1.genblk1.genblk1.genblk1.genblk1.lut1 (4 -> 3)

6.24. Executing SETUNDEF pass (replace undef values with defined constants).

6.25. Executing HILOMAP pass (mapping to constant drivers).
Removed 1 unused cells and 555 unused wires.

6.26. Executing AUTONAME pass.
Renamed 2483 objects in module receptor_top (11 iterations).
<suppressed ~562 debug messages>

6.27. Executing HIERARCHY pass (managing design hierarchy).

6.27.1. Analyzing design hierarchy..
Top module:  \receptor_top

6.27.2. Analyzing design hierarchy..
Top module:  \receptor_top
Removed 0 unused modules.

6.28. Printing statistics.

=== receptor_top ===

   Number of wires:                288
   Number of wire bits:            363
   Number of public wires:         288
   Number of public wire bits:     363
   Number of memories:               0
   Number of memory bits:            0
   Number of processes:              0
   Number of cells:                296
     IBUF                            8
     LUT3                           20
     LUT4                          124
     MUX2_LUT5                      72
     MUX2_LUT6                      36
     MUX2_LUT7                      18
     MUX2_LUT8                       7
     OBUF                           11

6.29. Executing CHECK pass (checking for obvious problems).
Checking module receptor_top...
Found and reported 0 problems.

6.30. Executing JSON backend.

End of script. Logfile hash: 801f23624f
Yosys 0.26+1 (git sha1 b1a011138, x86_64-w64-mingw32-g++ 9.2.1 -Os)
Time spent: 1% 16x opt_expr (0 sec), 1% 15x opt_clean (0 sec), ...
